{"C:\\Users\\Jafer\\OneDrive\\Documentos\\GitHub\\tienda_sneakers_online\\backend\\controller\\AuthController.js": {"path":"C:\\Users\\Jafer\\OneDrive\\Documentos\\GitHub\\tienda_sneakers_online\\backend\\controller\\AuthController.js","statementMap":{"0":{"start":{"line":1,"column":15},"end":{"line":1,"column":34}},"1":{"start":{"line":2,"column":12},"end":{"line":2,"column":35}},"2":{"start":{"line":3,"column":13},"end":{"line":3,"column":37}},"3":{"start":{"line":7,"column":4},"end":{"line":27,"column":5}},"4":{"start":{"line":8,"column":44},"end":{"line":8,"column":52}},"5":{"start":{"line":11,"column":28},"end":{"line":11,"column":77}},"6":{"start":{"line":13,"column":6},"end":{"line":15,"column":7}},"7":{"start":{"line":14,"column":8},"end":{"line":14,"column":78}},"8":{"start":{"line":18,"column":29},"end":{"line":18,"column":60}},"9":{"start":{"line":21,"column":6},"end":{"line":21,"column":71}},"10":{"start":{"line":23,"column":6},"end":{"line":23,"column":75}},"11":{"start":{"line":25,"column":6},"end":{"line":25,"column":27}},"12":{"start":{"line":26,"column":6},"end":{"line":26,"column":64}},"13":{"start":{"line":31,"column":4},"end":{"line":65,"column":5}},"14":{"start":{"line":32,"column":37},"end":{"line":32,"column":45}},"15":{"start":{"line":35,"column":19},"end":{"line":35,"column":54}},"16":{"start":{"line":37,"column":6},"end":{"line":39,"column":7}},"17":{"start":{"line":38,"column":8},"end":{"line":38,"column":75}},"18":{"start":{"line":42,"column":30},"end":{"line":42,"column":75}},"19":{"start":{"line":43,"column":6},"end":{"line":45,"column":7}},"20":{"start":{"line":44,"column":8},"end":{"line":44,"column":75}},"21":{"start":{"line":48,"column":20},"end":{"line":52,"column":7}},"22":{"start":{"line":54,"column":6},"end":{"line":61,"column":9}},"23":{"start":{"line":63,"column":6},"end":{"line":63,"column":27}},"24":{"start":{"line":64,"column":6},"end":{"line":64,"column":64}},"25":{"start":{"line":69,"column":4},"end":{"line":78,"column":5}},"26":{"start":{"line":70,"column":19},"end":{"line":70,"column":50}},"27":{"start":{"line":71,"column":6},"end":{"line":73,"column":7}},"28":{"start":{"line":72,"column":8},"end":{"line":72,"column":74}},"29":{"start":{"line":74,"column":6},"end":{"line":74,"column":21}},"30":{"start":{"line":76,"column":6},"end":{"line":76,"column":27}},"31":{"start":{"line":77,"column":6},"end":{"line":77,"column":64}},"32":{"start":{"line":82,"column":4},"end":{"line":100,"column":5}},"33":{"start":{"line":83,"column":19},"end":{"line":83,"column":50}},"34":{"start":{"line":84,"column":6},"end":{"line":86,"column":7}},"35":{"start":{"line":85,"column":8},"end":{"line":85,"column":74}},"36":{"start":{"line":88,"column":22},"end":{"line":88,"column":47}},"37":{"start":{"line":89,"column":6},"end":{"line":96,"column":9}},"38":{"start":{"line":98,"column":6},"end":{"line":98,"column":27}},"39":{"start":{"line":99,"column":6},"end":{"line":99,"column":64}},"40":{"start":{"line":104,"column":0},"end":{"line":104,"column":32}}},"fnMap":{"0":{"name":"(anonymous_0)","decl":{"start":{"line":6,"column":2},"end":{"line":6,"column":3}},"loc":{"start":{"line":6,"column":34},"end":{"line":28,"column":3}},"line":6},"1":{"name":"(anonymous_1)","decl":{"start":{"line":30,"column":2},"end":{"line":30,"column":3}},"loc":{"start":{"line":30,"column":31},"end":{"line":66,"column":3}},"line":30},"2":{"name":"(anonymous_2)","decl":{"start":{"line":68,"column":2},"end":{"line":68,"column":3}},"loc":{"start":{"line":68,"column":36},"end":{"line":79,"column":3}},"line":68},"3":{"name":"(anonymous_3)","decl":{"start":{"line":81,"column":2},"end":{"line":81,"column":3}},"loc":{"start":{"line":81,"column":36},"end":{"line":101,"column":3}},"line":81}},"branchMap":{"0":{"loc":{"start":{"line":13,"column":6},"end":{"line":15,"column":7}},"type":"if","locations":[{"start":{"line":13,"column":6},"end":{"line":15,"column":7}},{"start":{},"end":{}}],"line":13},"1":{"loc":{"start":{"line":37,"column":6},"end":{"line":39,"column":7}},"type":"if","locations":[{"start":{"line":37,"column":6},"end":{"line":39,"column":7}},{"start":{},"end":{}}],"line":37},"2":{"loc":{"start":{"line":43,"column":6},"end":{"line":45,"column":7}},"type":"if","locations":[{"start":{"line":43,"column":6},"end":{"line":45,"column":7}},{"start":{},"end":{}}],"line":43},"3":{"loc":{"start":{"line":50,"column":8},"end":{"line":50,"column":60}},"type":"binary-expr","locations":[{"start":{"line":50,"column":8},"end":{"line":50,"column":30}},{"start":{"line":50,"column":34},"end":{"line":50,"column":60}}],"line":50},"4":{"loc":{"start":{"line":71,"column":6},"end":{"line":73,"column":7}},"type":"if","locations":[{"start":{"line":71,"column":6},"end":{"line":73,"column":7}},{"start":{},"end":{}}],"line":71},"5":{"loc":{"start":{"line":84,"column":6},"end":{"line":86,"column":7}},"type":"if","locations":[{"start":{"line":84,"column":6},"end":{"line":86,"column":7}},{"start":{},"end":{}}],"line":84}},"s":{"0":2,"1":2,"2":2,"3":5,"4":5,"5":5,"6":4,"7":2,"8":2,"9":2,"10":2,"11":1,"12":1,"13":5,"14":5,"15":5,"16":5,"17":2,"18":3,"19":3,"20":1,"21":2,"22":2,"23":0,"24":0,"25":3,"26":3,"27":2,"28":1,"29":1,"30":1,"31":1,"32":4,"33":4,"34":3,"35":1,"36":2,"37":2,"38":1,"39":1,"40":2},"f":{"0":5,"1":5,"2":3,"3":4},"b":{"0":[2,2],"1":[2,3],"2":[1,2],"3":[2,2],"4":[1,1],"5":[1,2]},"_coverageSchema":"1a1c01bbd47fc00a2c39e90264f33305004495a9","hash":"3b6c6e332c2ac3c33703190f46ff2b428ef8fb27"}
,"C:\\Users\\Jafer\\OneDrive\\Documentos\\GitHub\\tienda_sneakers_online\\backend\\controller\\CartController.js": {"path":"C:\\Users\\Jafer\\OneDrive\\Documentos\\GitHub\\tienda_sneakers_online\\backend\\controller\\CartController.js","statementMap":{"0":{"start":{"line":1,"column":13},"end":{"line":1,"column":37}},"1":{"start":{"line":5,"column":4},"end":{"line":11,"column":5}},"2":{"start":{"line":6,"column":24},"end":{"line":6,"column":59}},"3":{"start":{"line":7,"column":6},"end":{"line":7,"column":26}},"4":{"start":{"line":9,"column":6},"end":{"line":9,"column":27}},"5":{"start":{"line":10,"column":6},"end":{"line":10,"column":68}},"6":{"start":{"line":15,"column":4},"end":{"line":37,"column":5}},"7":{"start":{"line":16,"column":42},"end":{"line":16,"column":50}},"8":{"start":{"line":19,"column":27},"end":{"line":19,"column":81}},"9":{"start":{"line":21,"column":6},"end":{"line":31,"column":7}},"10":{"start":{"line":23,"column":8},"end":{"line":23,"column":91}},"11":{"start":{"line":26,"column":8},"end":{"line":30,"column":11}},"12":{"start":{"line":33,"column":6},"end":{"line":33,"column":60}},"13":{"start":{"line":35,"column":6},"end":{"line":35,"column":27}},"14":{"start":{"line":36,"column":6},"end":{"line":36,"column":71}},"15":{"start":{"line":41,"column":4},"end":{"line":50,"column":5}},"16":{"start":{"line":42,"column":27},"end":{"line":42,"column":35}},"17":{"start":{"line":44,"column":6},"end":{"line":44,"column":73}},"18":{"start":{"line":46,"column":6},"end":{"line":46,"column":52}},"19":{"start":{"line":48,"column":6},"end":{"line":48,"column":27}},"20":{"start":{"line":49,"column":6},"end":{"line":49,"column":71}},"21":{"start":{"line":54,"column":4},"end":{"line":60,"column":5}},"22":{"start":{"line":55,"column":6},"end":{"line":55,"column":55}},"23":{"start":{"line":56,"column":6},"end":{"line":56,"column":62}},"24":{"start":{"line":58,"column":6},"end":{"line":58,"column":27}},"25":{"start":{"line":59,"column":6},"end":{"line":59,"column":73}},"26":{"start":{"line":64,"column":4},"end":{"line":70,"column":5}},"27":{"start":{"line":65,"column":6},"end":{"line":65,"column":43}},"28":{"start":{"line":66,"column":6},"end":{"line":66,"column":48}},"29":{"start":{"line":68,"column":6},"end":{"line":68,"column":27}},"30":{"start":{"line":69,"column":6},"end":{"line":69,"column":68}},"31":{"start":{"line":74,"column":4},"end":{"line":80,"column":5}},"32":{"start":{"line":75,"column":20},"end":{"line":75,"column":55}},"33":{"start":{"line":76,"column":6},"end":{"line":76,"column":26}},"34":{"start":{"line":78,"column":6},"end":{"line":78,"column":67}},"35":{"start":{"line":79,"column":6},"end":{"line":79,"column":70}},"36":{"start":{"line":84,"column":0},"end":{"line":84,"column":32}}},"fnMap":{"0":{"name":"(anonymous_0)","decl":{"start":{"line":4,"column":2},"end":{"line":4,"column":3}},"loc":{"start":{"line":4,"column":33},"end":{"line":12,"column":3}},"line":4},"1":{"name":"(anonymous_1)","decl":{"start":{"line":14,"column":2},"end":{"line":14,"column":3}},"loc":{"start":{"line":14,"column":35},"end":{"line":38,"column":3}},"line":14},"2":{"name":"(anonymous_2)","decl":{"start":{"line":40,"column":2},"end":{"line":40,"column":3}},"loc":{"start":{"line":40,"column":40},"end":{"line":51,"column":3}},"line":40},"3":{"name":"(anonymous_3)","decl":{"start":{"line":53,"column":2},"end":{"line":53,"column":3}},"loc":{"start":{"line":53,"column":40},"end":{"line":61,"column":3}},"line":53},"4":{"name":"(anonymous_4)","decl":{"start":{"line":63,"column":2},"end":{"line":63,"column":3}},"loc":{"start":{"line":63,"column":35},"end":{"line":71,"column":3}},"line":63},"5":{"name":"(anonymous_5)","decl":{"start":{"line":73,"column":2},"end":{"line":73,"column":3}},"loc":{"start":{"line":73,"column":38},"end":{"line":81,"column":3}},"line":73}},"branchMap":{"0":{"loc":{"start":{"line":16,"column":25},"end":{"line":16,"column":37}},"type":"default-arg","locations":[{"start":{"line":16,"column":36},"end":{"line":16,"column":37}}],"line":16},"1":{"loc":{"start":{"line":21,"column":6},"end":{"line":31,"column":7}},"type":"if","locations":[{"start":{"line":21,"column":6},"end":{"line":31,"column":7}},{"start":{"line":24,"column":13},"end":{"line":31,"column":7}}],"line":21}},"s":{"0":2,"1":2,"2":2,"3":1,"4":1,"5":1,"6":3,"7":3,"8":3,"9":2,"10":1,"11":1,"12":2,"13":1,"14":1,"15":2,"16":2,"17":2,"18":1,"19":1,"20":1,"21":2,"22":2,"23":1,"24":1,"25":1,"26":2,"27":2,"28":1,"29":1,"30":1,"31":2,"32":2,"33":1,"34":1,"35":1,"36":2},"f":{"0":2,"1":3,"2":2,"3":2,"4":2,"5":2},"b":{"0":[0],"1":[1,1]},"_coverageSchema":"1a1c01bbd47fc00a2c39e90264f33305004495a9","hash":"8158cd11621a91c03941023e3e2442bd14b89903"}
,"C:\\Users\\Jafer\\OneDrive\\Documentos\\GitHub\\tienda_sneakers_online\\backend\\controller\\OrderController.js": {"path":"C:\\Users\\Jafer\\OneDrive\\Documentos\\GitHub\\tienda_sneakers_online\\backend\\controller\\OrderController.js","statementMap":{"0":{"start":{"line":1,"column":13},"end":{"line":1,"column":42}},"1":{"start":{"line":2,"column":13},"end":{"line":2,"column":37}},"2":{"start":{"line":3,"column":29},"end":{"line":3,"column":54}},"3":{"start":{"line":7,"column":23},"end":{"line":7,"column":49}},"4":{"start":{"line":9,"column":4},"end":{"line":58,"column":5}},"5":{"start":{"line":10,"column":6},"end":{"line":10,"column":42}},"6":{"start":{"line":13,"column":24},"end":{"line":13,"column":59}},"7":{"start":{"line":15,"column":6},"end":{"line":18,"column":7}},"8":{"start":{"line":16,"column":8},"end":{"line":16,"column":36}},"9":{"start":{"line":17,"column":8},"end":{"line":17,"column":74}},"10":{"start":{"line":21,"column":20},"end":{"line":21,"column":90}},"11":{"start":{"line":21,"column":52},"end":{"line":21,"column":86}},"12":{"start":{"line":24,"column":26},"end":{"line":27,"column":8}},"13":{"start":{"line":29,"column":22},"end":{"line":29,"column":42}},"14":{"start":{"line":32,"column":6},"end":{"line":39,"column":7}},"15":{"start":{"line":33,"column":8},"end":{"line":38,"column":11}},"16":{"start":{"line":42,"column":6},"end":{"line":42,"column":43}},"17":{"start":{"line":44,"column":6},"end":{"line":44,"column":32}},"18":{"start":{"line":46,"column":6},"end":{"line":50,"column":9}},"19":{"start":{"line":53,"column":6},"end":{"line":53,"column":34}},"20":{"start":{"line":54,"column":6},"end":{"line":54,"column":27}},"21":{"start":{"line":55,"column":6},"end":{"line":55,"column":64}},"22":{"start":{"line":57,"column":6},"end":{"line":57,"column":27}},"23":{"start":{"line":62,"column":4},"end":{"line":68,"column":5}},"24":{"start":{"line":63,"column":21},"end":{"line":63,"column":57}},"25":{"start":{"line":64,"column":6},"end":{"line":64,"column":23}},"26":{"start":{"line":66,"column":6},"end":{"line":66,"column":27}},"27":{"start":{"line":67,"column":6},"end":{"line":67,"column":68}},"28":{"start":{"line":72,"column":4},"end":{"line":83,"column":5}},"29":{"start":{"line":73,"column":25},"end":{"line":73,"column":81}},"30":{"start":{"line":75,"column":6},"end":{"line":77,"column":7}},"31":{"start":{"line":76,"column":8},"end":{"line":76,"column":72}},"32":{"start":{"line":79,"column":6},"end":{"line":79,"column":27}},"33":{"start":{"line":81,"column":6},"end":{"line":81,"column":27}},"34":{"start":{"line":82,"column":6},"end":{"line":82,"column":66}},"35":{"start":{"line":87,"column":0},"end":{"line":87,"column":33}}},"fnMap":{"0":{"name":"(anonymous_0)","decl":{"start":{"line":6,"column":2},"end":{"line":6,"column":3}},"loc":{"start":{"line":6,"column":37},"end":{"line":59,"column":3}},"line":6},"1":{"name":"(anonymous_1)","decl":{"start":{"line":21,"column":37},"end":{"line":21,"column":38}},"loc":{"start":{"line":21,"column":52},"end":{"line":21,"column":86}},"line":21},"2":{"name":"(anonymous_2)","decl":{"start":{"line":61,"column":2},"end":{"line":61,"column":3}},"loc":{"start":{"line":61,"column":39},"end":{"line":69,"column":3}},"line":61},"3":{"name":"(anonymous_3)","decl":{"start":{"line":71,"column":2},"end":{"line":71,"column":3}},"loc":{"start":{"line":71,"column":38},"end":{"line":84,"column":3}},"line":71}},"branchMap":{"0":{"loc":{"start":{"line":15,"column":6},"end":{"line":18,"column":7}},"type":"if","locations":[{"start":{"line":15,"column":6},"end":{"line":18,"column":7}},{"start":{},"end":{}}],"line":15},"1":{"loc":{"start":{"line":75,"column":6},"end":{"line":77,"column":7}},"type":"if","locations":[{"start":{"line":75,"column":6},"end":{"line":77,"column":7}},{"start":{},"end":{}}],"line":75}},"s":{"0":2,"1":2,"2":2,"3":3,"4":3,"5":3,"6":3,"7":2,"8":1,"9":1,"10":1,"11":2,"12":1,"13":1,"14":1,"15":2,"16":1,"17":1,"18":1,"19":1,"20":1,"21":1,"22":3,"23":2,"24":2,"25":1,"26":1,"27":1,"28":3,"29":3,"30":2,"31":1,"32":1,"33":1,"34":1,"35":2},"f":{"0":3,"1":2,"2":2,"3":3},"b":{"0":[1,1],"1":[1,1]},"_coverageSchema":"1a1c01bbd47fc00a2c39e90264f33305004495a9","hash":"0fba07268b9713ccebace28d9ff79fea39678da8"}
,"C:\\Users\\Jafer\\OneDrive\\Documentos\\GitHub\\tienda_sneakers_online\\backend\\controller\\ProductController.js": {"path":"C:\\Users\\Jafer\\OneDrive\\Documentos\\GitHub\\tienda_sneakers_online\\backend\\controller\\ProductController.js","statementMap":{"0":{"start":{"line":1,"column":16},"end":{"line":1,"column":43}},"1":{"start":{"line":2,"column":20},"end":{"line":2,"column":58}},"2":{"start":{"line":6,"column":4},"end":{"line":12,"column":5}},"3":{"start":{"line":7,"column":23},"end":{"line":7,"column":46}},"4":{"start":{"line":8,"column":6},"end":{"line":8,"column":25}},"5":{"start":{"line":10,"column":6},"end":{"line":10,"column":27}},"6":{"start":{"line":11,"column":6},"end":{"line":11,"column":70}},"7":{"start":{"line":16,"column":4},"end":{"line":25,"column":5}},"8":{"start":{"line":17,"column":22},"end":{"line":17,"column":59}},"9":{"start":{"line":18,"column":6},"end":{"line":20,"column":7}},"10":{"start":{"line":19,"column":8},"end":{"line":19,"column":75}},"11":{"start":{"line":21,"column":6},"end":{"line":21,"column":24}},"12":{"start":{"line":23,"column":6},"end":{"line":23,"column":27}},"13":{"start":{"line":24,"column":6},"end":{"line":24,"column":69}},"14":{"start":{"line":29,"column":4},"end":{"line":53,"column":5}},"15":{"start":{"line":30,"column":43},"end":{"line":30,"column":51}},"16":{"start":{"line":33,"column":21},"end":{"line":33,"column":53}},"17":{"start":{"line":34,"column":6},"end":{"line":36,"column":7}},"18":{"start":{"line":35,"column":8},"end":{"line":35,"column":73}},"19":{"start":{"line":38,"column":21},"end":{"line":43,"column":8}},"20":{"start":{"line":45,"column":6},"end":{"line":49,"column":9}},"21":{"start":{"line":51,"column":6},"end":{"line":51,"column":27}},"22":{"start":{"line":52,"column":6},"end":{"line":52,"column":70}},"23":{"start":{"line":57,"column":4},"end":{"line":89,"column":5}},"24":{"start":{"line":58,"column":43},"end":{"line":58,"column":51}},"25":{"start":{"line":59,"column":24},"end":{"line":59,"column":37}},"26":{"start":{"line":62,"column":30},"end":{"line":62,"column":63}},"27":{"start":{"line":63,"column":6},"end":{"line":65,"column":7}},"28":{"start":{"line":64,"column":8},"end":{"line":64,"column":75}},"29":{"start":{"line":68,"column":25},"end":{"line":73,"column":7}},"30":{"start":{"line":76,"column":6},"end":{"line":78,"column":7}},"31":{"start":{"line":77,"column":8},"end":{"line":77,"column":81}},"32":{"start":{"line":80,"column":6},"end":{"line":80,"column":50}},"33":{"start":{"line":82,"column":6},"end":{"line":85,"column":9}},"34":{"start":{"line":87,"column":6},"end":{"line":87,"column":27}},"35":{"start":{"line":88,"column":6},"end":{"line":88,"column":75}},"36":{"start":{"line":93,"column":4},"end":{"line":108,"column":5}},"37":{"start":{"line":94,"column":24},"end":{"line":94,"column":37}},"38":{"start":{"line":97,"column":30},"end":{"line":97,"column":63}},"39":{"start":{"line":98,"column":6},"end":{"line":100,"column":7}},"40":{"start":{"line":99,"column":8},"end":{"line":99,"column":75}},"41":{"start":{"line":102,"column":6},"end":{"line":102,"column":38}},"42":{"start":{"line":104,"column":6},"end":{"line":104,"column":63}},"43":{"start":{"line":106,"column":6},"end":{"line":106,"column":27}},"44":{"start":{"line":107,"column":6},"end":{"line":107,"column":73}},"45":{"start":{"line":112,"column":0},"end":{"line":112,"column":35}}},"fnMap":{"0":{"name":"(anonymous_0)","decl":{"start":{"line":5,"column":2},"end":{"line":5,"column":3}},"loc":{"start":{"line":5,"column":40},"end":{"line":13,"column":3}},"line":5},"1":{"name":"(anonymous_1)","decl":{"start":{"line":15,"column":2},"end":{"line":15,"column":3}},"loc":{"start":{"line":15,"column":40},"end":{"line":26,"column":3}},"line":15},"2":{"name":"(anonymous_2)","decl":{"start":{"line":28,"column":2},"end":{"line":28,"column":3}},"loc":{"start":{"line":28,"column":39},"end":{"line":54,"column":3}},"line":28},"3":{"name":"(anonymous_3)","decl":{"start":{"line":56,"column":2},"end":{"line":56,"column":3}},"loc":{"start":{"line":56,"column":39},"end":{"line":90,"column":3}},"line":56},"4":{"name":"(anonymous_4)","decl":{"start":{"line":92,"column":2},"end":{"line":92,"column":3}},"loc":{"start":{"line":92,"column":39},"end":{"line":109,"column":3}},"line":92}},"branchMap":{"0":{"loc":{"start":{"line":18,"column":6},"end":{"line":20,"column":7}},"type":"if","locations":[{"start":{"line":18,"column":6},"end":{"line":20,"column":7}},{"start":{},"end":{}}],"line":18},"1":{"loc":{"start":{"line":34,"column":6},"end":{"line":36,"column":7}},"type":"if","locations":[{"start":{"line":34,"column":6},"end":{"line":36,"column":7}},{"start":{},"end":{}}],"line":34},"2":{"loc":{"start":{"line":63,"column":6},"end":{"line":65,"column":7}},"type":"if","locations":[{"start":{"line":63,"column":6},"end":{"line":65,"column":7}},{"start":{},"end":{}}],"line":63},"3":{"loc":{"start":{"line":76,"column":6},"end":{"line":78,"column":7}},"type":"if","locations":[{"start":{"line":76,"column":6},"end":{"line":78,"column":7}},{"start":{},"end":{}}],"line":76},"4":{"loc":{"start":{"line":84,"column":18},"end":{"line":84,"column":59}},"type":"binary-expr","locations":[{"start":{"line":84,"column":18},"end":{"line":84,"column":34}},{"start":{"line":84,"column":38},"end":{"line":84,"column":59}}],"line":84},"5":{"loc":{"start":{"line":98,"column":6},"end":{"line":100,"column":7}},"type":"if","locations":[{"start":{"line":98,"column":6},"end":{"line":100,"column":7}},{"start":{},"end":{}}],"line":98}},"s":{"0":2,"1":2,"2":2,"3":2,"4":1,"5":1,"6":1,"7":3,"8":3,"9":2,"10":1,"11":1,"12":1,"13":1,"14":3,"15":3,"16":3,"17":3,"18":1,"19":3,"20":2,"21":1,"22":1,"23":3,"24":3,"25":3,"26":3,"27":2,"28":1,"29":1,"30":1,"31":0,"32":1,"33":1,"34":1,"35":1,"36":3,"37":3,"38":3,"39":2,"40":1,"41":1,"42":1,"43":1,"44":1,"45":2},"f":{"0":2,"1":3,"2":3,"3":3,"4":3},"b":{"0":[1,1],"1":[1,2],"2":[1,1],"3":[0,1],"4":[1,0],"5":[1,1]},"_coverageSchema":"1a1c01bbd47fc00a2c39e90264f33305004495a9","hash":"629c1a57612403773572d750815ba31964eb6eef"}
,"C:\\Users\\Jafer\\OneDrive\\Documentos\\GitHub\\tienda_sneakers_online\\backend\\middleware\\adminAuth.js": {"path":"C:\\Users\\Jafer\\OneDrive\\Documentos\\GitHub\\tienda_sneakers_online\\backend\\middleware\\adminAuth.js","statementMap":{"0":{"start":{"line":1,"column":12},"end":{"line":1,"column":35}},"1":{"start":{"line":2,"column":13},"end":{"line":2,"column":37}},"2":{"start":{"line":4,"column":24},"end":{"line":29,"column":1}},"3":{"start":{"line":5,"column":16},"end":{"line":5,"column":67}},"4":{"start":{"line":7,"column":2},"end":{"line":9,"column":3}},"5":{"start":{"line":8,"column":4},"end":{"line":8,"column":64}},"6":{"start":{"line":11,"column":2},"end":{"line":28,"column":3}},"7":{"start":{"line":12,"column":20},"end":{"line":12,"column":91}},"8":{"start":{"line":13,"column":17},"end":{"line":13,"column":52}},"9":{"start":{"line":15,"column":4},"end":{"line":17,"column":5}},"10":{"start":{"line":16,"column":6},"end":{"line":16,"column":72}},"11":{"start":{"line":19,"column":4},"end":{"line":21,"column":5}},"12":{"start":{"line":20,"column":6},"end":{"line":20,"column":116}},"13":{"start":{"line":23,"column":4},"end":{"line":23,"column":32}},"14":{"start":{"line":24,"column":4},"end":{"line":24,"column":20}},"15":{"start":{"line":25,"column":4},"end":{"line":25,"column":11}},"16":{"start":{"line":27,"column":4},"end":{"line":27,"column":56}},"17":{"start":{"line":31,"column":0},"end":{"line":31,"column":33}}},"fnMap":{"0":{"name":"(anonymous_0)","decl":{"start":{"line":4,"column":24},"end":{"line":4,"column":25}},"loc":{"start":{"line":4,"column":50},"end":{"line":29,"column":1}},"line":4}},"branchMap":{"0":{"loc":{"start":{"line":7,"column":2},"end":{"line":9,"column":3}},"type":"if","locations":[{"start":{"line":7,"column":2},"end":{"line":9,"column":3}},{"start":{},"end":{}}],"line":7},"1":{"loc":{"start":{"line":12,"column":38},"end":{"line":12,"column":90}},"type":"binary-expr","locations":[{"start":{"line":12,"column":38},"end":{"line":12,"column":60}},{"start":{"line":12,"column":64},"end":{"line":12,"column":90}}],"line":12},"2":{"loc":{"start":{"line":15,"column":4},"end":{"line":17,"column":5}},"type":"if","locations":[{"start":{"line":15,"column":4},"end":{"line":17,"column":5}},{"start":{},"end":{}}],"line":15},"3":{"loc":{"start":{"line":19,"column":4},"end":{"line":21,"column":5}},"type":"if","locations":[{"start":{"line":19,"column":4},"end":{"line":21,"column":5}},{"start":{},"end":{}}],"line":19}},"s":{"0":2,"1":2,"2":2,"3":5,"4":5,"5":1,"6":4,"7":4,"8":3,"9":3,"10":1,"11":2,"12":1,"13":1,"14":1,"15":1,"16":1,"17":2},"f":{"0":5},"b":{"0":[1,4],"1":[4,4],"2":[1,2],"3":[1,1]},"_coverageSchema":"1a1c01bbd47fc00a2c39e90264f33305004495a9","hash":"c0b07e05377dfc629d949b7c3a443851fd9ddf83"}
,"C:\\Users\\Jafer\\OneDrive\\Documentos\\GitHub\\tienda_sneakers_online\\backend\\middleware\\auth.js": {"path":"C:\\Users\\Jafer\\OneDrive\\Documentos\\GitHub\\tienda_sneakers_online\\backend\\middleware\\auth.js","statementMap":{"0":{"start":{"line":1,"column":12},"end":{"line":1,"column":35}},"1":{"start":{"line":3,"column":23},"end":{"line":17,"column":1}},"2":{"start":{"line":4,"column":16},"end":{"line":4,"column":67}},"3":{"start":{"line":6,"column":2},"end":{"line":8,"column":3}},"4":{"start":{"line":7,"column":4},"end":{"line":7,"column":64}},"5":{"start":{"line":10,"column":2},"end":{"line":16,"column":3}},"6":{"start":{"line":11,"column":20},"end":{"line":11,"column":91}},"7":{"start":{"line":12,"column":4},"end":{"line":12,"column":32}},"8":{"start":{"line":13,"column":4},"end":{"line":13,"column":11}},"9":{"start":{"line":15,"column":4},"end":{"line":15,"column":56}},"10":{"start":{"line":19,"column":0},"end":{"line":19,"column":32}}},"fnMap":{"0":{"name":"(anonymous_0)","decl":{"start":{"line":3,"column":23},"end":{"line":3,"column":24}},"loc":{"start":{"line":3,"column":43},"end":{"line":17,"column":1}},"line":3}},"branchMap":{"0":{"loc":{"start":{"line":6,"column":2},"end":{"line":8,"column":3}},"type":"if","locations":[{"start":{"line":6,"column":2},"end":{"line":8,"column":3}},{"start":{},"end":{}}],"line":6},"1":{"loc":{"start":{"line":11,"column":38},"end":{"line":11,"column":90}},"type":"binary-expr","locations":[{"start":{"line":11,"column":38},"end":{"line":11,"column":60}},{"start":{"line":11,"column":64},"end":{"line":11,"column":90}}],"line":11}},"s":{"0":2,"1":2,"2":3,"3":3,"4":1,"5":2,"6":2,"7":1,"8":1,"9":1,"10":2},"f":{"0":3},"b":{"0":[1,2],"1":[2,2]},"_coverageSchema":"1a1c01bbd47fc00a2c39e90264f33305004495a9","hash":"1b53ababa155cb6047c7439b10f5b25d5c268faa"}
,"C:\\Users\\Jafer\\OneDrive\\Documentos\\GitHub\\tienda_sneakers_online\\backend\\model\\Cart.js": {"path":"C:\\Users\\Jafer\\OneDrive\\Documentos\\GitHub\\tienda_sneakers_online\\backend\\model\\Cart.js","statementMap":{"0":{"start":{"line":1,"column":13},"end":{"line":1,"column":42}},"1":{"start":{"line":5,"column":19},"end":{"line":10,"column":16}},"2":{"start":{"line":11,"column":4},"end":{"line":11,"column":16}},"3":{"start":{"line":15,"column":19},"end":{"line":18,"column":5}},"4":{"start":{"line":19,"column":4},"end":{"line":19,"column":19}},"5":{"start":{"line":23,"column":46},"end":{"line":23,"column":54}},"6":{"start":{"line":24,"column":21},"end":{"line":27,"column":5}},"7":{"start":{"line":28,"column":4},"end":{"line":28,"column":18}},"8":{"start":{"line":32,"column":21},"end":{"line":35,"column":5}},"9":{"start":{"line":36,"column":4},"end":{"line":36,"column":18}},"10":{"start":{"line":40,"column":21},"end":{"line":43,"column":5}},"11":{"start":{"line":44,"column":4},"end":{"line":44,"column":18}},"12":{"start":{"line":48,"column":21},"end":{"line":51,"column":5}},"13":{"start":{"line":52,"column":4},"end":{"line":52,"column":18}},"14":{"start":{"line":56,"column":21},"end":{"line":59,"column":5}},"15":{"start":{"line":60,"column":4},"end":{"line":60,"column":18}},"16":{"start":{"line":64,"column":19},"end":{"line":67,"column":5}},"17":{"start":{"line":68,"column":4},"end":{"line":68,"column":25}},"18":{"start":{"line":72,"column":0},"end":{"line":72,"column":22}}},"fnMap":{"0":{"name":"(anonymous_0)","decl":{"start":{"line":4,"column":2},"end":{"line":4,"column":3}},"loc":{"start":{"line":4,"column":36},"end":{"line":12,"column":3}},"line":4},"1":{"name":"(anonymous_1)","decl":{"start":{"line":14,"column":2},"end":{"line":14,"column":3}},"loc":{"start":{"line":14,"column":55},"end":{"line":20,"column":3}},"line":14},"2":{"name":"(anonymous_2)","decl":{"start":{"line":22,"column":2},"end":{"line":22,"column":3}},"loc":{"start":{"line":22,"column":32},"end":{"line":29,"column":3}},"line":22},"3":{"name":"(anonymous_3)","decl":{"start":{"line":31,"column":2},"end":{"line":31,"column":3}},"loc":{"start":{"line":31,"column":59},"end":{"line":37,"column":3}},"line":31},"4":{"name":"(anonymous_4)","decl":{"start":{"line":39,"column":2},"end":{"line":39,"column":3}},"loc":{"start":{"line":39,"column":56},"end":{"line":45,"column":3}},"line":39},"5":{"name":"(anonymous_5)","decl":{"start":{"line":47,"column":2},"end":{"line":47,"column":3}},"loc":{"start":{"line":47,"column":38},"end":{"line":53,"column":3}},"line":47},"6":{"name":"(anonymous_6)","decl":{"start":{"line":55,"column":2},"end":{"line":55,"column":3}},"loc":{"start":{"line":55,"column":37},"end":{"line":61,"column":3}},"line":55},"7":{"name":"(anonymous_7)","decl":{"start":{"line":63,"column":2},"end":{"line":63,"column":3}},"loc":{"start":{"line":63,"column":36},"end":{"line":69,"column":3}},"line":63}},"branchMap":{},"s":{"0":4,"1":1,"2":1,"3":1,"4":1,"5":1,"6":1,"7":1,"8":1,"9":1,"10":1,"11":1,"12":1,"13":1,"14":1,"15":1,"16":1,"17":1,"18":4},"f":{"0":1,"1":1,"2":1,"3":1,"4":1,"5":1,"6":1,"7":1},"b":{},"_coverageSchema":"1a1c01bbd47fc00a2c39e90264f33305004495a9","hash":"b939624998a8225f68366583a8500b8b082e766a"}
,"C:\\Users\\Jafer\\OneDrive\\Documentos\\GitHub\\tienda_sneakers_online\\backend\\model\\Order.js": {"path":"C:\\Users\\Jafer\\OneDrive\\Documentos\\GitHub\\tienda_sneakers_online\\backend\\model\\Order.js","statementMap":{"0":{"start":{"line":1,"column":13},"end":{"line":1,"column":42}},"1":{"start":{"line":5,"column":31},"end":{"line":5,"column":40}},"2":{"start":{"line":6,"column":21},"end":{"line":9,"column":5}},"3":{"start":{"line":10,"column":4},"end":{"line":10,"column":18}},"4":{"start":{"line":14,"column":19},"end":{"line":31,"column":16}},"5":{"start":{"line":34,"column":4},"end":{"line":58,"column":7}},"6":{"start":{"line":35,"column":18},"end":{"line":35,"column":20}},"7":{"start":{"line":36,"column":6},"end":{"line":52,"column":7}},"8":{"start":{"line":37,"column":8},"end":{"line":44,"column":9}},"9":{"start":{"line":38,"column":10},"end":{"line":38,"column":42}},"10":{"start":{"line":39,"column":15},"end":{"line":44,"column":9}},"11":{"start":{"line":40,"column":10},"end":{"line":40,"column":30}},"12":{"start":{"line":41,"column":15},"end":{"line":44,"column":9}},"13":{"start":{"line":43,"column":10},"end":{"line":43,"column":32}},"14":{"start":{"line":47,"column":8},"end":{"line":47,"column":62}},"15":{"start":{"line":47,"column":37},"end":{"line":47,"column":60}},"16":{"start":{"line":50,"column":8},"end":{"line":50,"column":72}},"17":{"start":{"line":51,"column":8},"end":{"line":51,"column":19}},"18":{"start":{"line":54,"column":6},"end":{"line":57,"column":8}},"19":{"start":{"line":62,"column":19},"end":{"line":68,"column":25}},"20":{"start":{"line":69,"column":4},"end":{"line":69,"column":16}},"21":{"start":{"line":75,"column":54},"end":{"line":75,"column":62}},"22":{"start":{"line":76,"column":21},"end":{"line":79,"column":5}},"23":{"start":{"line":80,"column":4},"end":{"line":80,"column":18}},"24":{"start":{"line":84,"column":0},"end":{"line":84,"column":38}}},"fnMap":{"0":{"name":"(anonymous_0)","decl":{"start":{"line":4,"column":2},"end":{"line":4,"column":3}},"loc":{"start":{"line":4,"column":33},"end":{"line":11,"column":3}},"line":4},"1":{"name":"(anonymous_1)","decl":{"start":{"line":13,"column":2},"end":{"line":13,"column":3}},"loc":{"start":{"line":13,"column":36},"end":{"line":59,"column":3}},"line":13},"2":{"name":"(anonymous_2)","decl":{"start":{"line":34,"column":20},"end":{"line":34,"column":21}},"loc":{"start":{"line":34,"column":29},"end":{"line":58,"column":5}},"line":34},"3":{"name":"(anonymous_3)","decl":{"start":{"line":47,"column":29},"end":{"line":47,"column":30}},"loc":{"start":{"line":47,"column":37},"end":{"line":47,"column":60}},"line":47},"4":{"name":"(anonymous_4)","decl":{"start":{"line":61,"column":2},"end":{"line":61,"column":3}},"loc":{"start":{"line":61,"column":50},"end":{"line":70,"column":3}},"line":61},"5":{"name":"(anonymous_5)","decl":{"start":{"line":74,"column":2},"end":{"line":74,"column":3}},"loc":{"start":{"line":74,"column":32},"end":{"line":81,"column":3}},"line":74}},"branchMap":{"0":{"loc":{"start":{"line":37,"column":8},"end":{"line":44,"column":9}},"type":"if","locations":[{"start":{"line":37,"column":8},"end":{"line":44,"column":9}},{"start":{"line":39,"column":15},"end":{"line":44,"column":9}}],"line":37},"1":{"loc":{"start":{"line":37,"column":12},"end":{"line":37,"column":58}},"type":"binary-expr","locations":[{"start":{"line":37,"column":12},"end":{"line":37,"column":23}},{"start":{"line":37,"column":27},"end":{"line":37,"column":58}}],"line":37},"2":{"loc":{"start":{"line":39,"column":15},"end":{"line":44,"column":9}},"type":"if","locations":[{"start":{"line":39,"column":15},"end":{"line":44,"column":9}},{"start":{"line":41,"column":15},"end":{"line":44,"column":9}}],"line":39},"3":{"loc":{"start":{"line":41,"column":15},"end":{"line":44,"column":9}},"type":"if","locations":[{"start":{"line":41,"column":15},"end":{"line":44,"column":9}},{"start":{},"end":{}}],"line":41},"4":{"loc":{"start":{"line":47,"column":37},"end":{"line":47,"column":60}},"type":"binary-expr","locations":[{"start":{"line":47,"column":37},"end":{"line":47,"column":41}},{"start":{"line":47,"column":45},"end":{"line":47,"column":60}}],"line":47}},"s":{"0":3,"1":1,"2":1,"3":1,"4":5,"5":5,"6":5,"7":5,"8":5,"9":2,"10":3,"11":2,"12":1,"13":1,"14":4,"15":6,"16":1,"17":1,"18":5,"19":1,"20":1,"21":1,"22":1,"23":1,"24":3},"f":{"0":1,"1":5,"2":5,"3":6,"4":1,"5":1},"b":{"0":[2,3],"1":[5,5],"2":[2,1],"3":[1,0],"4":[6,5]},"_coverageSchema":"1a1c01bbd47fc00a2c39e90264f33305004495a9","hash":"6c17bab4f9a82a3c4d7f356ce714e91a9c945063"}
,"C:\\Users\\Jafer\\OneDrive\\Documentos\\GitHub\\tienda_sneakers_online\\backend\\model\\Product.js": {"path":"C:\\Users\\Jafer\\OneDrive\\Documentos\\GitHub\\tienda_sneakers_online\\backend\\model\\Product.js","statementMap":{"0":{"start":{"line":1,"column":13},"end":{"line":1,"column":42}},"1":{"start":{"line":5,"column":19},"end":{"line":7,"column":5}},"2":{"start":{"line":8,"column":4},"end":{"line":8,"column":16}},"3":{"start":{"line":12,"column":19},"end":{"line":15,"column":5}},"4":{"start":{"line":16,"column":4},"end":{"line":16,"column":19}},"5":{"start":{"line":20,"column":48},"end":{"line":20,"column":59}},"6":{"start":{"line":21,"column":21},"end":{"line":24,"column":5}},"7":{"start":{"line":25,"column":4},"end":{"line":25,"column":18}},"8":{"start":{"line":29,"column":48},"end":{"line":29,"column":59}},"9":{"start":{"line":30,"column":21},"end":{"line":33,"column":5}},"10":{"start":{"line":34,"column":4},"end":{"line":34,"column":18}},"11":{"start":{"line":38,"column":21},"end":{"line":41,"column":5}},"12":{"start":{"line":42,"column":4},"end":{"line":42,"column":18}},"13":{"start":{"line":46,"column":0},"end":{"line":46,"column":25}}},"fnMap":{"0":{"name":"(anonymous_0)","decl":{"start":{"line":4,"column":2},"end":{"line":4,"column":3}},"loc":{"start":{"line":4,"column":25},"end":{"line":9,"column":3}},"line":4},"1":{"name":"(anonymous_1)","decl":{"start":{"line":11,"column":2},"end":{"line":11,"column":3}},"loc":{"start":{"line":11,"column":28},"end":{"line":17,"column":3}},"line":11},"2":{"name":"(anonymous_2)","decl":{"start":{"line":19,"column":2},"end":{"line":19,"column":3}},"loc":{"start":{"line":19,"column":35},"end":{"line":26,"column":3}},"line":19},"3":{"name":"(anonymous_3)","decl":{"start":{"line":28,"column":2},"end":{"line":28,"column":3}},"loc":{"start":{"line":28,"column":39},"end":{"line":35,"column":3}},"line":28},"4":{"name":"(anonymous_4)","decl":{"start":{"line":37,"column":2},"end":{"line":37,"column":3}},"loc":{"start":{"line":37,"column":26},"end":{"line":43,"column":3}},"line":37}},"branchMap":{},"s":{"0":3,"1":1,"2":1,"3":1,"4":1,"5":1,"6":1,"7":1,"8":1,"9":1,"10":1,"11":1,"12":1,"13":3},"f":{"0":1,"1":1,"2":1,"3":1,"4":1},"b":{},"_coverageSchema":"1a1c01bbd47fc00a2c39e90264f33305004495a9","hash":"3c24641ff358dcc3ad9ab1c6a772af7791c9e9a2"}
,"C:\\Users\\Jafer\\OneDrive\\Documentos\\GitHub\\tienda_sneakers_online\\backend\\model\\User.js": {"path":"C:\\Users\\Jafer\\OneDrive\\Documentos\\GitHub\\tienda_sneakers_online\\backend\\model\\User.js","statementMap":{"0":{"start":{"line":1,"column":13},"end":{"line":1,"column":42}},"1":{"start":{"line":5,"column":19},"end":{"line":8,"column":5}},"2":{"start":{"line":9,"column":4},"end":{"line":9,"column":19}},"3":{"start":{"line":13,"column":19},"end":{"line":16,"column":5}},"4":{"start":{"line":17,"column":4},"end":{"line":17,"column":19}},"5":{"start":{"line":21,"column":19},"end":{"line":24,"column":5}},"6":{"start":{"line":25,"column":4},"end":{"line":25,"column":16}},"7":{"start":{"line":29,"column":42},"end":{"line":29,"column":50}},"8":{"start":{"line":30,"column":21},"end":{"line":33,"column":5}},"9":{"start":{"line":34,"column":4},"end":{"line":34,"column":18}},"10":{"start":{"line":38,"column":19},"end":{"line":41,"column":5}},"11":{"start":{"line":42,"column":4},"end":{"line":42,"column":19}},"12":{"start":{"line":46,"column":0},"end":{"line":46,"column":22}}},"fnMap":{"0":{"name":"(anonymous_0)","decl":{"start":{"line":4,"column":2},"end":{"line":4,"column":3}},"loc":{"start":{"line":4,"column":40},"end":{"line":10,"column":3}},"line":4},"1":{"name":"(anonymous_1)","decl":{"start":{"line":12,"column":2},"end":{"line":12,"column":3}},"loc":{"start":{"line":12,"column":34},"end":{"line":18,"column":3}},"line":12},"2":{"name":"(anonymous_2)","decl":{"start":{"line":20,"column":2},"end":{"line":20,"column":3}},"loc":{"start":{"line":20,"column":54},"end":{"line":26,"column":3}},"line":20},"3":{"name":"(anonymous_3)","decl":{"start":{"line":28,"column":2},"end":{"line":28,"column":3}},"loc":{"start":{"line":28,"column":32},"end":{"line":35,"column":3}},"line":28},"4":{"name":"(anonymous_4)","decl":{"start":{"line":37,"column":2},"end":{"line":37,"column":3}},"loc":{"start":{"line":37,"column":28},"end":{"line":43,"column":3}},"line":37}},"branchMap":{},"s":{"0":4,"1":1,"2":1,"3":1,"4":1,"5":1,"6":1,"7":1,"8":1,"9":1,"10":1,"11":1,"12":4},"f":{"0":1,"1":1,"2":1,"3":1,"4":1},"b":{},"_coverageSchema":"1a1c01bbd47fc00a2c39e90264f33305004495a9","hash":"3dc09ccf8ca4f2255db8abe3d2218a46d316ad52"}
,"C:\\Users\\Jafer\\OneDrive\\Documentos\\GitHub\\tienda_sneakers_online\\backend\\routes\\auth.js": {"path":"C:\\Users\\Jafer\\OneDrive\\Documentos\\GitHub\\tienda_sneakers_online\\backend\\routes\\auth.js","statementMap":{"0":{"start":{"line":1,"column":16},"end":{"line":1,"column":34}},"1":{"start":{"line":2,"column":15},"end":{"line":2,"column":31}},"2":{"start":{"line":3,"column":23},"end":{"line":3,"column":62}},"3":{"start":{"line":4,"column":23},"end":{"line":4,"column":52}},"4":{"start":{"line":7,"column":0},"end":{"line":7,"column":50}},"5":{"start":{"line":10,"column":0},"end":{"line":10,"column":44}},"6":{"start":{"line":13,"column":0},"end":{"line":13,"column":66}},"7":{"start":{"line":16,"column":0},"end":{"line":16,"column":70}},"8":{"start":{"line":18,"column":0},"end":{"line":18,"column":24}}},"fnMap":{},"branchMap":{},"s":{"0":1,"1":1,"2":1,"3":1,"4":1,"5":1,"6":1,"7":1,"8":1},"f":{},"b":{},"_coverageSchema":"1a1c01bbd47fc00a2c39e90264f33305004495a9","hash":"c479486c15084cfc50de6930ca7f97108a8a726c"}
,"C:\\Users\\Jafer\\OneDrive\\Documentos\\GitHub\\tienda_sneakers_online\\backend\\routes\\cart.js": {"path":"C:\\Users\\Jafer\\OneDrive\\Documentos\\GitHub\\tienda_sneakers_online\\backend\\routes\\cart.js","statementMap":{"0":{"start":{"line":1,"column":16},"end":{"line":1,"column":34}},"1":{"start":{"line":2,"column":15},"end":{"line":2,"column":31}},"2":{"start":{"line":3,"column":23},"end":{"line":3,"column":62}},"3":{"start":{"line":4,"column":23},"end":{"line":4,"column":52}},"4":{"start":{"line":7,"column":0},"end":{"line":7,"column":56}},"5":{"start":{"line":10,"column":0},"end":{"line":10,"column":66}},"6":{"start":{"line":13,"column":0},"end":{"line":13,"column":62}},"7":{"start":{"line":16,"column":0},"end":{"line":16,"column":66}},"8":{"start":{"line":19,"column":0},"end":{"line":19,"column":69}},"9":{"start":{"line":22,"column":0},"end":{"line":22,"column":61}},"10":{"start":{"line":24,"column":0},"end":{"line":24,"column":24}}},"fnMap":{},"branchMap":{},"s":{"0":1,"1":1,"2":1,"3":1,"4":1,"5":1,"6":1,"7":1,"8":1,"9":1,"10":1},"f":{},"b":{},"_coverageSchema":"1a1c01bbd47fc00a2c39e90264f33305004495a9","hash":"5b25cd1b3afdb4d09e5daa9b5ace3d2894a3e709"}
,"C:\\Users\\Jafer\\OneDrive\\Documentos\\GitHub\\tienda_sneakers_online\\backend\\routes\\orders.js": {"path":"C:\\Users\\Jafer\\OneDrive\\Documentos\\GitHub\\tienda_sneakers_online\\backend\\routes\\orders.js","statementMap":{"0":{"start":{"line":1,"column":16},"end":{"line":1,"column":34}},"1":{"start":{"line":2,"column":15},"end":{"line":2,"column":31}},"2":{"start":{"line":3,"column":24},"end":{"line":3,"column":64}},"3":{"start":{"line":4,"column":23},"end":{"line":4,"column":52}},"4":{"start":{"line":7,"column":0},"end":{"line":7,"column":62}},"5":{"start":{"line":10,"column":0},"end":{"line":10,"column":63}},"6":{"start":{"line":13,"column":0},"end":{"line":13,"column":65}},"7":{"start":{"line":15,"column":0},"end":{"line":15,"column":24}}},"fnMap":{},"branchMap":{},"s":{"0":1,"1":1,"2":1,"3":1,"4":1,"5":1,"6":1,"7":1},"f":{},"b":{},"_coverageSchema":"1a1c01bbd47fc00a2c39e90264f33305004495a9","hash":"a21bd4207c3b9ceb1e0a63a66c39177347f92c98"}
,"C:\\Users\\Jafer\\OneDrive\\Documentos\\GitHub\\tienda_sneakers_online\\backend\\routes\\products.js": {"path":"C:\\Users\\Jafer\\OneDrive\\Documentos\\GitHub\\tienda_sneakers_online\\backend\\routes\\products.js","statementMap":{"0":{"start":{"line":1,"column":16},"end":{"line":1,"column":34}},"1":{"start":{"line":2,"column":15},"end":{"line":2,"column":31}},"2":{"start":{"line":3,"column":26},"end":{"line":3,"column":68}},"3":{"start":{"line":4,"column":24},"end":{"line":4,"column":58}},"4":{"start":{"line":5,"column":15},"end":{"line":5,"column":42}},"5":{"start":{"line":8,"column":0},"end":{"line":8,"column":50}},"6":{"start":{"line":11,"column":0},"end":{"line":11,"column":53}},"7":{"start":{"line":14,"column":0},"end":{"line":14,"column":91}},"8":{"start":{"line":17,"column":0},"end":{"line":17,"column":93}},"9":{"start":{"line":20,"column":0},"end":{"line":20,"column":72}},"10":{"start":{"line":22,"column":0},"end":{"line":22,"column":24}}},"fnMap":{},"branchMap":{},"s":{"0":1,"1":1,"2":1,"3":1,"4":1,"5":1,"6":1,"7":1,"8":1,"9":1,"10":1},"f":{},"b":{},"_coverageSchema":"1a1c01bbd47fc00a2c39e90264f33305004495a9","hash":"223369ae74961ead31c27c67608a80688089abcc"}
}
