{"C:\\Users\\jnman\\Music\\tienda_tennis\\tienda_tennis\\backend\\config\\database.js": {"path":"C:\\Users\\jnman\\Music\\tienda_tennis\\tienda_tennis\\backend\\config\\database.js","statementMap":{"0":{"start":{"line":1,"column":14},"end":{"line":1,"column":39}},"1":{"start":{"line":3,"column":17},"end":{"line":11,"column":1}},"2":{"start":{"line":13,"column":13},"end":{"line":13,"column":39}},"3":{"start":{"line":15,"column":0},"end":{"line":15,"column":22}}},"fnMap":{},"branchMap":{"0":{"loc":{"start":{"line":4,"column":8},"end":{"line":4,"column":42}},"type":"binary-expr","locations":[{"start":{"line":4,"column":8},"end":{"line":4,"column":27}},{"start":{"line":4,"column":31},"end":{"line":4,"column":42}}],"line":4},"1":{"loc":{"start":{"line":5,"column":8},"end":{"line":5,"column":37}},"type":"binary-expr","locations":[{"start":{"line":5,"column":8},"end":{"line":5,"column":27}},{"start":{"line":5,"column":31},"end":{"line":5,"column":37}}],"line":5},"2":{"loc":{"start":{"line":6,"column":12},"end":{"line":6,"column":41}},"type":"binary-expr","locations":[{"start":{"line":6,"column":12},"end":{"line":6,"column":35}},{"start":{"line":6,"column":39},"end":{"line":6,"column":41}}],"line":6},"3":{"loc":{"start":{"line":7,"column":12},"end":{"line":7,"column":49}},"type":"binary-expr","locations":[{"start":{"line":7,"column":12},"end":{"line":7,"column":31}},{"start":{"line":7,"column":35},"end":{"line":7,"column":49}}],"line":7}},"s":{"0":11,"1":11,"2":11,"3":11},"f":{},"b":{"0":[11,9],"1":[11,9],"2":[11,11],"3":[11,9]},"_coverageSchema":"1a1c01bbd47fc00a2c39e90264f33305004495a9","hash":"d3f2cbc515fba58796cf926c6f3184cf0914d595"}
,"C:\\Users\\jnman\\Music\\tienda_tennis\\tienda_tennis\\backend\\config\\multer.js": {"path":"C:\\Users\\jnman\\Music\\tienda_tennis\\tienda_tennis\\backend\\config\\multer.js","statementMap":{"0":{"start":{"line":1,"column":15},"end":{"line":1,"column":32}},"1":{"start":{"line":2,"column":13},"end":{"line":2,"column":28}},"2":{"start":{"line":5,"column":16},"end":{"line":16,"column":2}},"3":{"start":{"line":8,"column":4},"end":{"line":8,"column":50}},"4":{"start":{"line":12,"column":25},"end":{"line":12,"column":75}},"5":{"start":{"line":13,"column":21},"end":{"line":13,"column":90}},"6":{"start":{"line":14,"column":4},"end":{"line":14,"column":23}},"7":{"start":{"line":19,"column":19},"end":{"line":29,"column":1}},"8":{"start":{"line":20,"column":23},"end":{"line":20,"column":46}},"9":{"start":{"line":21,"column":18},"end":{"line":21,"column":82}},"10":{"start":{"line":22,"column":19},"end":{"line":22,"column":51}},"11":{"start":{"line":24,"column":2},"end":{"line":28,"column":3}},"12":{"start":{"line":25,"column":4},"end":{"line":25,"column":26}},"13":{"start":{"line":27,"column":4},"end":{"line":27,"column":85}},"14":{"start":{"line":31,"column":15},"end":{"line":37,"column":2}},"15":{"start":{"line":39,"column":0},"end":{"line":39,"column":24}}},"fnMap":{"0":{"name":"(anonymous_0)","decl":{"start":{"line":6,"column":15},"end":{"line":6,"column":16}},"loc":{"start":{"line":6,"column":40},"end":{"line":9,"column":3}},"line":6},"1":{"name":"(anonymous_1)","decl":{"start":{"line":10,"column":12},"end":{"line":10,"column":13}},"loc":{"start":{"line":10,"column":37},"end":{"line":15,"column":3}},"line":10},"2":{"name":"(anonymous_2)","decl":{"start":{"line":19,"column":19},"end":{"line":19,"column":20}},"loc":{"start":{"line":19,"column":38},"end":{"line":29,"column":1}},"line":19}},"branchMap":{"0":{"loc":{"start":{"line":24,"column":2},"end":{"line":28,"column":3}},"type":"if","locations":[{"start":{"line":24,"column":2},"end":{"line":28,"column":3}},{"start":{"line":26,"column":9},"end":{"line":28,"column":3}}],"line":24},"1":{"loc":{"start":{"line":24,"column":6},"end":{"line":24,"column":25}},"type":"binary-expr","locations":[{"start":{"line":24,"column":6},"end":{"line":24,"column":14}},{"start":{"line":24,"column":18},"end":{"line":24,"column":25}}],"line":24}},"s":{"0":1,"1":1,"2":1,"3":0,"4":0,"5":0,"6":0,"7":1,"8":0,"9":0,"10":0,"11":0,"12":0,"13":0,"14":1,"15":1},"f":{"0":0,"1":0,"2":0},"b":{"0":[0,0],"1":[0,0]},"_coverageSchema":"1a1c01bbd47fc00a2c39e90264f33305004495a9","hash":"46a2e876783b4800475f3b4807e85688614ff8f8"}
,"C:\\Users\\jnman\\Music\\tienda_tennis\\tienda_tennis\\backend\\config\\upload.js": {"path":"C:\\Users\\jnman\\Music\\tienda_tennis\\tienda_tennis\\backend\\config\\upload.js","statementMap":{"0":{"start":{"line":1,"column":15},"end":{"line":1,"column":32}},"1":{"start":{"line":2,"column":13},"end":{"line":2,"column":28}},"2":{"start":{"line":3,"column":11},"end":{"line":3,"column":24}},"3":{"start":{"line":6,"column":19},"end":{"line":6,"column":53}},"4":{"start":{"line":7,"column":0},"end":{"line":9,"column":1}},"5":{"start":{"line":8,"column":2},"end":{"line":8,"column":48}},"6":{"start":{"line":12,"column":16},"end":{"line":21,"column":2}},"7":{"start":{"line":14,"column":4},"end":{"line":14,"column":25}},"8":{"start":{"line":18,"column":25},"end":{"line":18,"column":75}},"9":{"start":{"line":19,"column":4},"end":{"line":19,"column":74}},"10":{"start":{"line":24,"column":19},"end":{"line":32,"column":1}},"11":{"start":{"line":25,"column":23},"end":{"line":25,"column":77}},"12":{"start":{"line":27,"column":2},"end":{"line":31,"column":3}},"13":{"start":{"line":28,"column":4},"end":{"line":28,"column":19}},"14":{"start":{"line":30,"column":4},"end":{"line":30,"column":87}},"15":{"start":{"line":35,"column":15},"end":{"line":41,"column":2}},"16":{"start":{"line":43,"column":0},"end":{"line":43,"column":24}}},"fnMap":{"0":{"name":"(anonymous_0)","decl":{"start":{"line":13,"column":15},"end":{"line":13,"column":16}},"loc":{"start":{"line":13,"column":40},"end":{"line":15,"column":3}},"line":13},"1":{"name":"(anonymous_1)","decl":{"start":{"line":16,"column":12},"end":{"line":16,"column":13}},"loc":{"start":{"line":16,"column":37},"end":{"line":20,"column":3}},"line":16},"2":{"name":"(anonymous_2)","decl":{"start":{"line":24,"column":19},"end":{"line":24,"column":20}},"loc":{"start":{"line":24,"column":38},"end":{"line":32,"column":1}},"line":24}},"branchMap":{"0":{"loc":{"start":{"line":7,"column":0},"end":{"line":9,"column":1}},"type":"if","locations":[{"start":{"line":7,"column":0},"end":{"line":9,"column":1}},{"start":{},"end":{}}],"line":7},"1":{"loc":{"start":{"line":27,"column":2},"end":{"line":31,"column":3}},"type":"if","locations":[{"start":{"line":27,"column":2},"end":{"line":31,"column":3}},{"start":{"line":29,"column":9},"end":{"line":31,"column":3}}],"line":27}},"s":{"0":0,"1":0,"2":0,"3":0,"4":0,"5":0,"6":0,"7":0,"8":0,"9":0,"10":0,"11":0,"12":0,"13":0,"14":0,"15":0,"16":0},"f":{"0":0,"1":0,"2":0},"b":{"0":[0,0],"1":[0,0]}}
,"C:\\Users\\jnman\\Music\\tienda_tennis\\tienda_tennis\\backend\\controller\\AuthController.js": {"path":"C:\\Users\\jnman\\Music\\tienda_tennis\\tienda_tennis\\backend\\controller\\AuthController.js","statementMap":{"0":{"start":{"line":1,"column":15},"end":{"line":1,"column":34}},"1":{"start":{"line":2,"column":12},"end":{"line":2,"column":35}},"2":{"start":{"line":3,"column":13},"end":{"line":3,"column":37}},"3":{"start":{"line":7,"column":4},"end":{"line":27,"column":5}},"4":{"start":{"line":8,"column":44},"end":{"line":8,"column":52}},"5":{"start":{"line":11,"column":28},"end":{"line":11,"column":77}},"6":{"start":{"line":13,"column":6},"end":{"line":15,"column":7}},"7":{"start":{"line":14,"column":8},"end":{"line":14,"column":78}},"8":{"start":{"line":18,"column":29},"end":{"line":18,"column":60}},"9":{"start":{"line":21,"column":6},"end":{"line":21,"column":71}},"10":{"start":{"line":23,"column":6},"end":{"line":23,"column":75}},"11":{"start":{"line":25,"column":6},"end":{"line":25,"column":27}},"12":{"start":{"line":26,"column":6},"end":{"line":26,"column":64}},"13":{"start":{"line":31,"column":4},"end":{"line":65,"column":5}},"14":{"start":{"line":32,"column":37},"end":{"line":32,"column":45}},"15":{"start":{"line":35,"column":19},"end":{"line":35,"column":54}},"16":{"start":{"line":37,"column":6},"end":{"line":39,"column":7}},"17":{"start":{"line":38,"column":8},"end":{"line":38,"column":75}},"18":{"start":{"line":42,"column":30},"end":{"line":42,"column":75}},"19":{"start":{"line":43,"column":6},"end":{"line":45,"column":7}},"20":{"start":{"line":44,"column":8},"end":{"line":44,"column":75}},"21":{"start":{"line":48,"column":20},"end":{"line":52,"column":7}},"22":{"start":{"line":54,"column":6},"end":{"line":61,"column":9}},"23":{"start":{"line":63,"column":6},"end":{"line":63,"column":27}},"24":{"start":{"line":64,"column":6},"end":{"line":64,"column":64}},"25":{"start":{"line":69,"column":4},"end":{"line":78,"column":5}},"26":{"start":{"line":70,"column":19},"end":{"line":70,"column":50}},"27":{"start":{"line":71,"column":6},"end":{"line":73,"column":7}},"28":{"start":{"line":72,"column":8},"end":{"line":72,"column":74}},"29":{"start":{"line":74,"column":6},"end":{"line":74,"column":21}},"30":{"start":{"line":76,"column":6},"end":{"line":76,"column":27}},"31":{"start":{"line":77,"column":6},"end":{"line":77,"column":64}},"32":{"start":{"line":82,"column":4},"end":{"line":100,"column":5}},"33":{"start":{"line":83,"column":19},"end":{"line":83,"column":50}},"34":{"start":{"line":84,"column":6},"end":{"line":86,"column":7}},"35":{"start":{"line":85,"column":8},"end":{"line":85,"column":74}},"36":{"start":{"line":88,"column":22},"end":{"line":88,"column":47}},"37":{"start":{"line":89,"column":6},"end":{"line":96,"column":9}},"38":{"start":{"line":98,"column":6},"end":{"line":98,"column":27}},"39":{"start":{"line":99,"column":6},"end":{"line":99,"column":64}},"40":{"start":{"line":104,"column":0},"end":{"line":104,"column":32}}},"fnMap":{"0":{"name":"(anonymous_0)","decl":{"start":{"line":6,"column":2},"end":{"line":6,"column":3}},"loc":{"start":{"line":6,"column":34},"end":{"line":28,"column":3}},"line":6},"1":{"name":"(anonymous_1)","decl":{"start":{"line":30,"column":2},"end":{"line":30,"column":3}},"loc":{"start":{"line":30,"column":31},"end":{"line":66,"column":3}},"line":30},"2":{"name":"(anonymous_2)","decl":{"start":{"line":68,"column":2},"end":{"line":68,"column":3}},"loc":{"start":{"line":68,"column":36},"end":{"line":79,"column":3}},"line":68},"3":{"name":"(anonymous_3)","decl":{"start":{"line":81,"column":2},"end":{"line":81,"column":3}},"loc":{"start":{"line":81,"column":36},"end":{"line":101,"column":3}},"line":81}},"branchMap":{"0":{"loc":{"start":{"line":13,"column":6},"end":{"line":15,"column":7}},"type":"if","locations":[{"start":{"line":13,"column":6},"end":{"line":15,"column":7}},{"start":{},"end":{}}],"line":13},"1":{"loc":{"start":{"line":37,"column":6},"end":{"line":39,"column":7}},"type":"if","locations":[{"start":{"line":37,"column":6},"end":{"line":39,"column":7}},{"start":{},"end":{}}],"line":37},"2":{"loc":{"start":{"line":43,"column":6},"end":{"line":45,"column":7}},"type":"if","locations":[{"start":{"line":43,"column":6},"end":{"line":45,"column":7}},{"start":{},"end":{}}],"line":43},"3":{"loc":{"start":{"line":50,"column":8},"end":{"line":50,"column":60}},"type":"binary-expr","locations":[{"start":{"line":50,"column":8},"end":{"line":50,"column":30}},{"start":{"line":50,"column":34},"end":{"line":50,"column":60}}],"line":50},"4":{"loc":{"start":{"line":71,"column":6},"end":{"line":73,"column":7}},"type":"if","locations":[{"start":{"line":71,"column":6},"end":{"line":73,"column":7}},{"start":{},"end":{}}],"line":71},"5":{"loc":{"start":{"line":84,"column":6},"end":{"line":86,"column":7}},"type":"if","locations":[{"start":{"line":84,"column":6},"end":{"line":86,"column":7}},{"start":{},"end":{}}],"line":84}},"s":{"0":2,"1":2,"2":2,"3":5,"4":5,"5":5,"6":4,"7":2,"8":2,"9":2,"10":2,"11":1,"12":1,"13":5,"14":5,"15":5,"16":5,"17":2,"18":3,"19":3,"20":1,"21":2,"22":2,"23":0,"24":0,"25":2,"26":2,"27":2,"28":1,"29":1,"30":0,"31":0,"32":2,"33":2,"34":2,"35":0,"36":2,"37":2,"38":0,"39":0,"40":2},"f":{"0":5,"1":5,"2":2,"3":2},"b":{"0":[2,2],"1":[2,3],"2":[1,2],"3":[2,1],"4":[1,1],"5":[0,2]},"_coverageSchema":"1a1c01bbd47fc00a2c39e90264f33305004495a9","hash":"4a4bc78760566fd9aa10e2d9d08b661c6ff6c146"}
,"C:\\Users\\jnman\\Music\\tienda_tennis\\tienda_tennis\\backend\\controller\\CartController.js": {"path":"C:\\Users\\jnman\\Music\\tienda_tennis\\tienda_tennis\\backend\\controller\\CartController.js","statementMap":{"0":{"start":{"line":1,"column":13},"end":{"line":1,"column":37}},"1":{"start":{"line":5,"column":4},"end":{"line":11,"column":5}},"2":{"start":{"line":6,"column":24},"end":{"line":6,"column":59}},"3":{"start":{"line":7,"column":6},"end":{"line":7,"column":26}},"4":{"start":{"line":9,"column":6},"end":{"line":9,"column":27}},"5":{"start":{"line":10,"column":6},"end":{"line":10,"column":68}},"6":{"start":{"line":15,"column":4},"end":{"line":37,"column":5}},"7":{"start":{"line":16,"column":42},"end":{"line":16,"column":50}},"8":{"start":{"line":19,"column":27},"end":{"line":19,"column":81}},"9":{"start":{"line":21,"column":6},"end":{"line":31,"column":7}},"10":{"start":{"line":23,"column":8},"end":{"line":23,"column":91}},"11":{"start":{"line":26,"column":8},"end":{"line":30,"column":11}},"12":{"start":{"line":33,"column":6},"end":{"line":33,"column":60}},"13":{"start":{"line":35,"column":6},"end":{"line":35,"column":27}},"14":{"start":{"line":36,"column":6},"end":{"line":36,"column":71}},"15":{"start":{"line":41,"column":4},"end":{"line":50,"column":5}},"16":{"start":{"line":42,"column":27},"end":{"line":42,"column":35}},"17":{"start":{"line":44,"column":6},"end":{"line":44,"column":73}},"18":{"start":{"line":46,"column":6},"end":{"line":46,"column":52}},"19":{"start":{"line":48,"column":6},"end":{"line":48,"column":27}},"20":{"start":{"line":49,"column":6},"end":{"line":49,"column":71}},"21":{"start":{"line":54,"column":4},"end":{"line":60,"column":5}},"22":{"start":{"line":55,"column":6},"end":{"line":55,"column":55}},"23":{"start":{"line":56,"column":6},"end":{"line":56,"column":62}},"24":{"start":{"line":58,"column":6},"end":{"line":58,"column":27}},"25":{"start":{"line":59,"column":6},"end":{"line":59,"column":73}},"26":{"start":{"line":64,"column":4},"end":{"line":70,"column":5}},"27":{"start":{"line":65,"column":6},"end":{"line":65,"column":43}},"28":{"start":{"line":66,"column":6},"end":{"line":66,"column":48}},"29":{"start":{"line":68,"column":6},"end":{"line":68,"column":27}},"30":{"start":{"line":69,"column":6},"end":{"line":69,"column":68}},"31":{"start":{"line":74,"column":4},"end":{"line":80,"column":5}},"32":{"start":{"line":75,"column":20},"end":{"line":75,"column":55}},"33":{"start":{"line":76,"column":6},"end":{"line":76,"column":26}},"34":{"start":{"line":78,"column":6},"end":{"line":78,"column":67}},"35":{"start":{"line":79,"column":6},"end":{"line":79,"column":70}},"36":{"start":{"line":84,"column":0},"end":{"line":84,"column":32}}},"fnMap":{"0":{"name":"(anonymous_0)","decl":{"start":{"line":4,"column":2},"end":{"line":4,"column":3}},"loc":{"start":{"line":4,"column":33},"end":{"line":12,"column":3}},"line":4},"1":{"name":"(anonymous_1)","decl":{"start":{"line":14,"column":2},"end":{"line":14,"column":3}},"loc":{"start":{"line":14,"column":35},"end":{"line":38,"column":3}},"line":14},"2":{"name":"(anonymous_2)","decl":{"start":{"line":40,"column":2},"end":{"line":40,"column":3}},"loc":{"start":{"line":40,"column":40},"end":{"line":51,"column":3}},"line":40},"3":{"name":"(anonymous_3)","decl":{"start":{"line":53,"column":2},"end":{"line":53,"column":3}},"loc":{"start":{"line":53,"column":40},"end":{"line":61,"column":3}},"line":53},"4":{"name":"(anonymous_4)","decl":{"start":{"line":63,"column":2},"end":{"line":63,"column":3}},"loc":{"start":{"line":63,"column":35},"end":{"line":71,"column":3}},"line":63},"5":{"name":"(anonymous_5)","decl":{"start":{"line":73,"column":2},"end":{"line":73,"column":3}},"loc":{"start":{"line":73,"column":38},"end":{"line":81,"column":3}},"line":73}},"branchMap":{"0":{"loc":{"start":{"line":16,"column":25},"end":{"line":16,"column":37}},"type":"default-arg","locations":[{"start":{"line":16,"column":36},"end":{"line":16,"column":37}}],"line":16},"1":{"loc":{"start":{"line":21,"column":6},"end":{"line":31,"column":7}},"type":"if","locations":[{"start":{"line":21,"column":6},"end":{"line":31,"column":7}},{"start":{"line":24,"column":13},"end":{"line":31,"column":7}}],"line":21}},"s":{"0":2,"1":2,"2":2,"3":1,"4":1,"5":1,"6":3,"7":3,"8":3,"9":2,"10":1,"11":1,"12":2,"13":1,"14":1,"15":2,"16":2,"17":2,"18":1,"19":1,"20":1,"21":2,"22":2,"23":1,"24":1,"25":1,"26":2,"27":2,"28":1,"29":1,"30":1,"31":2,"32":2,"33":1,"34":1,"35":1,"36":2},"f":{"0":2,"1":3,"2":2,"3":2,"4":2,"5":2},"b":{"0":[0],"1":[1,1]},"_coverageSchema":"1a1c01bbd47fc00a2c39e90264f33305004495a9","hash":"a8ca3f2135d3c7d4c9fcaacd9f828c1d0733e43e"}
,"C:\\Users\\jnman\\Music\\tienda_tennis\\tienda_tennis\\backend\\controller\\OrderController.js": {"path":"C:\\Users\\jnman\\Music\\tienda_tennis\\tienda_tennis\\backend\\controller\\OrderController.js","statementMap":{"0":{"start":{"line":1,"column":13},"end":{"line":1,"column":42}},"1":{"start":{"line":2,"column":13},"end":{"line":2,"column":37}},"2":{"start":{"line":3,"column":29},"end":{"line":3,"column":54}},"3":{"start":{"line":7,"column":23},"end":{"line":7,"column":49}},"4":{"start":{"line":9,"column":4},"end":{"line":58,"column":5}},"5":{"start":{"line":10,"column":6},"end":{"line":10,"column":42}},"6":{"start":{"line":13,"column":24},"end":{"line":13,"column":59}},"7":{"start":{"line":15,"column":6},"end":{"line":18,"column":7}},"8":{"start":{"line":16,"column":8},"end":{"line":16,"column":36}},"9":{"start":{"line":17,"column":8},"end":{"line":17,"column":74}},"10":{"start":{"line":21,"column":20},"end":{"line":21,"column":90}},"11":{"start":{"line":21,"column":52},"end":{"line":21,"column":86}},"12":{"start":{"line":24,"column":26},"end":{"line":27,"column":8}},"13":{"start":{"line":29,"column":22},"end":{"line":29,"column":42}},"14":{"start":{"line":32,"column":6},"end":{"line":39,"column":7}},"15":{"start":{"line":33,"column":8},"end":{"line":38,"column":11}},"16":{"start":{"line":42,"column":6},"end":{"line":42,"column":43}},"17":{"start":{"line":44,"column":6},"end":{"line":44,"column":32}},"18":{"start":{"line":46,"column":6},"end":{"line":50,"column":9}},"19":{"start":{"line":53,"column":6},"end":{"line":53,"column":34}},"20":{"start":{"line":54,"column":6},"end":{"line":54,"column":27}},"21":{"start":{"line":55,"column":6},"end":{"line":55,"column":64}},"22":{"start":{"line":57,"column":6},"end":{"line":57,"column":27}},"23":{"start":{"line":62,"column":4},"end":{"line":68,"column":5}},"24":{"start":{"line":63,"column":21},"end":{"line":63,"column":57}},"25":{"start":{"line":64,"column":6},"end":{"line":64,"column":23}},"26":{"start":{"line":66,"column":6},"end":{"line":66,"column":27}},"27":{"start":{"line":67,"column":6},"end":{"line":67,"column":68}},"28":{"start":{"line":72,"column":4},"end":{"line":83,"column":5}},"29":{"start":{"line":73,"column":25},"end":{"line":73,"column":81}},"30":{"start":{"line":75,"column":6},"end":{"line":77,"column":7}},"31":{"start":{"line":76,"column":8},"end":{"line":76,"column":72}},"32":{"start":{"line":79,"column":6},"end":{"line":79,"column":27}},"33":{"start":{"line":81,"column":6},"end":{"line":81,"column":27}},"34":{"start":{"line":82,"column":6},"end":{"line":82,"column":66}},"35":{"start":{"line":87,"column":0},"end":{"line":87,"column":33}}},"fnMap":{"0":{"name":"(anonymous_0)","decl":{"start":{"line":6,"column":2},"end":{"line":6,"column":3}},"loc":{"start":{"line":6,"column":37},"end":{"line":59,"column":3}},"line":6},"1":{"name":"(anonymous_1)","decl":{"start":{"line":21,"column":37},"end":{"line":21,"column":38}},"loc":{"start":{"line":21,"column":52},"end":{"line":21,"column":86}},"line":21},"2":{"name":"(anonymous_2)","decl":{"start":{"line":61,"column":2},"end":{"line":61,"column":3}},"loc":{"start":{"line":61,"column":39},"end":{"line":69,"column":3}},"line":61},"3":{"name":"(anonymous_3)","decl":{"start":{"line":71,"column":2},"end":{"line":71,"column":3}},"loc":{"start":{"line":71,"column":38},"end":{"line":84,"column":3}},"line":71}},"branchMap":{"0":{"loc":{"start":{"line":15,"column":6},"end":{"line":18,"column":7}},"type":"if","locations":[{"start":{"line":15,"column":6},"end":{"line":18,"column":7}},{"start":{},"end":{}}],"line":15},"1":{"loc":{"start":{"line":75,"column":6},"end":{"line":77,"column":7}},"type":"if","locations":[{"start":{"line":75,"column":6},"end":{"line":77,"column":7}},{"start":{},"end":{}}],"line":75}},"s":{"0":2,"1":2,"2":2,"3":3,"4":3,"5":3,"6":3,"7":2,"8":1,"9":1,"10":1,"11":2,"12":1,"13":1,"14":1,"15":2,"16":1,"17":1,"18":1,"19":1,"20":1,"21":1,"22":3,"23":2,"24":2,"25":1,"26":1,"27":1,"28":3,"29":3,"30":2,"31":1,"32":1,"33":1,"34":1,"35":2},"f":{"0":3,"1":2,"2":2,"3":3},"b":{"0":[1,1],"1":[1,1]},"_coverageSchema":"1a1c01bbd47fc00a2c39e90264f33305004495a9","hash":"6cd0a9e3acb944cb23e88ca6fe11ede196af0180"}
,"C:\\Users\\jnman\\Music\\tienda_tennis\\tienda_tennis\\backend\\controller\\ProductController.js": {"path":"C:\\Users\\jnman\\Music\\tienda_tennis\\tienda_tennis\\backend\\controller\\ProductController.js","statementMap":{"0":{"start":{"line":1,"column":16},"end":{"line":1,"column":43}},"1":{"start":{"line":5,"column":4},"end":{"line":11,"column":5}},"2":{"start":{"line":6,"column":23},"end":{"line":6,"column":46}},"3":{"start":{"line":7,"column":6},"end":{"line":7,"column":25}},"4":{"start":{"line":9,"column":6},"end":{"line":9,"column":27}},"5":{"start":{"line":10,"column":6},"end":{"line":10,"column":70}},"6":{"start":{"line":15,"column":4},"end":{"line":24,"column":5}},"7":{"start":{"line":16,"column":22},"end":{"line":16,"column":59}},"8":{"start":{"line":17,"column":6},"end":{"line":19,"column":7}},"9":{"start":{"line":18,"column":8},"end":{"line":18,"column":75}},"10":{"start":{"line":20,"column":6},"end":{"line":20,"column":24}},"11":{"start":{"line":22,"column":6},"end":{"line":22,"column":27}},"12":{"start":{"line":23,"column":6},"end":{"line":23,"column":69}},"13":{"start":{"line":28,"column":4},"end":{"line":52,"column":5}},"14":{"start":{"line":29,"column":43},"end":{"line":29,"column":51}},"15":{"start":{"line":32,"column":21},"end":{"line":32,"column":53}},"16":{"start":{"line":33,"column":6},"end":{"line":35,"column":7}},"17":{"start":{"line":34,"column":8},"end":{"line":34,"column":72}},"18":{"start":{"line":37,"column":21},"end":{"line":42,"column":8}},"19":{"start":{"line":44,"column":6},"end":{"line":48,"column":9}},"20":{"start":{"line":50,"column":6},"end":{"line":50,"column":27}},"21":{"start":{"line":51,"column":6},"end":{"line":51,"column":70}},"22":{"start":{"line":56,"column":4},"end":{"line":87,"column":5}},"23":{"start":{"line":57,"column":43},"end":{"line":57,"column":51}},"24":{"start":{"line":58,"column":24},"end":{"line":58,"column":37}},"25":{"start":{"line":61,"column":30},"end":{"line":61,"column":63}},"26":{"start":{"line":62,"column":6},"end":{"line":64,"column":7}},"27":{"start":{"line":63,"column":8},"end":{"line":63,"column":75}},"28":{"start":{"line":67,"column":25},"end":{"line":71,"column":7}},"29":{"start":{"line":74,"column":6},"end":{"line":76,"column":7}},"30":{"start":{"line":75,"column":8},"end":{"line":75,"column":80}},"31":{"start":{"line":78,"column":6},"end":{"line":78,"column":50}},"32":{"start":{"line":80,"column":6},"end":{"line":83,"column":9}},"33":{"start":{"line":85,"column":6},"end":{"line":85,"column":27}},"34":{"start":{"line":86,"column":6},"end":{"line":86,"column":75}},"35":{"start":{"line":91,"column":4},"end":{"line":106,"column":5}},"36":{"start":{"line":92,"column":24},"end":{"line":92,"column":37}},"37":{"start":{"line":95,"column":30},"end":{"line":95,"column":63}},"38":{"start":{"line":96,"column":6},"end":{"line":98,"column":7}},"39":{"start":{"line":97,"column":8},"end":{"line":97,"column":75}},"40":{"start":{"line":100,"column":6},"end":{"line":100,"column":38}},"41":{"start":{"line":102,"column":6},"end":{"line":102,"column":63}},"42":{"start":{"line":104,"column":6},"end":{"line":104,"column":27}},"43":{"start":{"line":105,"column":6},"end":{"line":105,"column":73}},"44":{"start":{"line":110,"column":0},"end":{"line":110,"column":35}}},"fnMap":{"0":{"name":"(anonymous_0)","decl":{"start":{"line":4,"column":2},"end":{"line":4,"column":3}},"loc":{"start":{"line":4,"column":40},"end":{"line":12,"column":3}},"line":4},"1":{"name":"(anonymous_1)","decl":{"start":{"line":14,"column":2},"end":{"line":14,"column":3}},"loc":{"start":{"line":14,"column":40},"end":{"line":25,"column":3}},"line":14},"2":{"name":"(anonymous_2)","decl":{"start":{"line":27,"column":2},"end":{"line":27,"column":3}},"loc":{"start":{"line":27,"column":39},"end":{"line":53,"column":3}},"line":27},"3":{"name":"(anonymous_3)","decl":{"start":{"line":55,"column":2},"end":{"line":55,"column":3}},"loc":{"start":{"line":55,"column":39},"end":{"line":88,"column":3}},"line":55},"4":{"name":"(anonymous_4)","decl":{"start":{"line":90,"column":2},"end":{"line":90,"column":3}},"loc":{"start":{"line":90,"column":39},"end":{"line":107,"column":3}},"line":90}},"branchMap":{"0":{"loc":{"start":{"line":17,"column":6},"end":{"line":19,"column":7}},"type":"if","locations":[{"start":{"line":17,"column":6},"end":{"line":19,"column":7}},{"start":{},"end":{}}],"line":17},"1":{"loc":{"start":{"line":33,"column":6},"end":{"line":35,"column":7}},"type":"if","locations":[{"start":{"line":33,"column":6},"end":{"line":35,"column":7}},{"start":{},"end":{}}],"line":33},"2":{"loc":{"start":{"line":62,"column":6},"end":{"line":64,"column":7}},"type":"if","locations":[{"start":{"line":62,"column":6},"end":{"line":64,"column":7}},{"start":{},"end":{}}],"line":62},"3":{"loc":{"start":{"line":74,"column":6},"end":{"line":76,"column":7}},"type":"if","locations":[{"start":{"line":74,"column":6},"end":{"line":76,"column":7}},{"start":{},"end":{}}],"line":74},"4":{"loc":{"start":{"line":82,"column":18},"end":{"line":82,"column":59}},"type":"binary-expr","locations":[{"start":{"line":82,"column":18},"end":{"line":82,"column":34}},{"start":{"line":82,"column":38},"end":{"line":82,"column":59}}],"line":82},"5":{"loc":{"start":{"line":96,"column":6},"end":{"line":98,"column":7}},"type":"if","locations":[{"start":{"line":96,"column":6},"end":{"line":98,"column":7}},{"start":{},"end":{}}],"line":96}},"s":{"0":2,"1":2,"2":2,"3":1,"4":1,"5":1,"6":2,"7":2,"8":2,"9":1,"10":1,"11":0,"12":0,"13":2,"14":2,"15":2,"16":2,"17":1,"18":2,"19":2,"20":0,"21":0,"22":2,"23":2,"24":2,"25":2,"26":2,"27":1,"28":1,"29":1,"30":0,"31":1,"32":1,"33":0,"34":0,"35":2,"36":2,"37":2,"38":2,"39":1,"40":1,"41":1,"42":0,"43":0,"44":2},"f":{"0":2,"1":2,"2":2,"3":2,"4":2},"b":{"0":[1,1],"1":[1,1],"2":[1,1],"3":[0,1],"4":[1,1],"5":[1,1]},"_coverageSchema":"1a1c01bbd47fc00a2c39e90264f33305004495a9","hash":"f552d318dbb428f33c508cf12539a8e37e7cf88c"}
,"C:\\Users\\jnman\\Music\\tienda_tennis\\tienda_tennis\\backend\\middleware\\adminAuth.js": {"path":"C:\\Users\\jnman\\Music\\tienda_tennis\\tienda_tennis\\backend\\middleware\\adminAuth.js","statementMap":{"0":{"start":{"line":1,"column":12},"end":{"line":1,"column":35}},"1":{"start":{"line":2,"column":13},"end":{"line":2,"column":37}},"2":{"start":{"line":4,"column":24},"end":{"line":29,"column":1}},"3":{"start":{"line":5,"column":16},"end":{"line":5,"column":67}},"4":{"start":{"line":7,"column":2},"end":{"line":9,"column":3}},"5":{"start":{"line":8,"column":4},"end":{"line":8,"column":64}},"6":{"start":{"line":11,"column":2},"end":{"line":28,"column":3}},"7":{"start":{"line":12,"column":20},"end":{"line":12,"column":91}},"8":{"start":{"line":13,"column":17},"end":{"line":13,"column":52}},"9":{"start":{"line":15,"column":4},"end":{"line":17,"column":5}},"10":{"start":{"line":16,"column":6},"end":{"line":16,"column":72}},"11":{"start":{"line":19,"column":4},"end":{"line":21,"column":5}},"12":{"start":{"line":20,"column":6},"end":{"line":20,"column":116}},"13":{"start":{"line":23,"column":4},"end":{"line":23,"column":32}},"14":{"start":{"line":24,"column":4},"end":{"line":24,"column":20}},"15":{"start":{"line":25,"column":4},"end":{"line":25,"column":11}},"16":{"start":{"line":27,"column":4},"end":{"line":27,"column":56}},"17":{"start":{"line":31,"column":0},"end":{"line":31,"column":33}}},"fnMap":{"0":{"name":"(anonymous_0)","decl":{"start":{"line":4,"column":24},"end":{"line":4,"column":25}},"loc":{"start":{"line":4,"column":50},"end":{"line":29,"column":1}},"line":4}},"branchMap":{"0":{"loc":{"start":{"line":7,"column":2},"end":{"line":9,"column":3}},"type":"if","locations":[{"start":{"line":7,"column":2},"end":{"line":9,"column":3}},{"start":{},"end":{}}],"line":7},"1":{"loc":{"start":{"line":12,"column":38},"end":{"line":12,"column":90}},"type":"binary-expr","locations":[{"start":{"line":12,"column":38},"end":{"line":12,"column":60}},{"start":{"line":12,"column":64},"end":{"line":12,"column":90}}],"line":12},"2":{"loc":{"start":{"line":15,"column":4},"end":{"line":17,"column":5}},"type":"if","locations":[{"start":{"line":15,"column":4},"end":{"line":17,"column":5}},{"start":{},"end":{}}],"line":15},"3":{"loc":{"start":{"line":19,"column":4},"end":{"line":21,"column":5}},"type":"if","locations":[{"start":{"line":19,"column":4},"end":{"line":21,"column":5}},{"start":{},"end":{}}],"line":19}},"s":{"0":2,"1":2,"2":2,"3":5,"4":5,"5":1,"6":4,"7":4,"8":3,"9":3,"10":1,"11":2,"12":1,"13":1,"14":1,"15":1,"16":1,"17":2},"f":{"0":5},"b":{"0":[1,4],"1":[4,4],"2":[1,2],"3":[1,1]},"_coverageSchema":"1a1c01bbd47fc00a2c39e90264f33305004495a9","hash":"1d79e693fe496f18b127e884e6b6febba1d26bb8"}
,"C:\\Users\\jnman\\Music\\tienda_tennis\\tienda_tennis\\backend\\middleware\\auth.js": {"path":"C:\\Users\\jnman\\Music\\tienda_tennis\\tienda_tennis\\backend\\middleware\\auth.js","statementMap":{"0":{"start":{"line":1,"column":12},"end":{"line":1,"column":35}},"1":{"start":{"line":3,"column":23},"end":{"line":17,"column":1}},"2":{"start":{"line":4,"column":16},"end":{"line":4,"column":67}},"3":{"start":{"line":6,"column":2},"end":{"line":8,"column":3}},"4":{"start":{"line":7,"column":4},"end":{"line":7,"column":64}},"5":{"start":{"line":10,"column":2},"end":{"line":16,"column":3}},"6":{"start":{"line":11,"column":20},"end":{"line":11,"column":91}},"7":{"start":{"line":12,"column":4},"end":{"line":12,"column":32}},"8":{"start":{"line":13,"column":4},"end":{"line":13,"column":11}},"9":{"start":{"line":15,"column":4},"end":{"line":15,"column":56}},"10":{"start":{"line":19,"column":0},"end":{"line":19,"column":32}}},"fnMap":{"0":{"name":"(anonymous_0)","decl":{"start":{"line":3,"column":23},"end":{"line":3,"column":24}},"loc":{"start":{"line":3,"column":43},"end":{"line":17,"column":1}},"line":3}},"branchMap":{"0":{"loc":{"start":{"line":6,"column":2},"end":{"line":8,"column":3}},"type":"if","locations":[{"start":{"line":6,"column":2},"end":{"line":8,"column":3}},{"start":{},"end":{}}],"line":6},"1":{"loc":{"start":{"line":11,"column":38},"end":{"line":11,"column":90}},"type":"binary-expr","locations":[{"start":{"line":11,"column":38},"end":{"line":11,"column":60}},{"start":{"line":11,"column":64},"end":{"line":11,"column":90}}],"line":11}},"s":{"0":2,"1":2,"2":3,"3":3,"4":1,"5":2,"6":2,"7":1,"8":1,"9":1,"10":2},"f":{"0":3},"b":{"0":[1,2],"1":[2,2]},"_coverageSchema":"1a1c01bbd47fc00a2c39e90264f33305004495a9","hash":"e631eef1bd349a4e0e88b125fb4a7d789bc3ccc5"}
,"C:\\Users\\jnman\\Music\\tienda_tennis\\tienda_tennis\\backend\\model\\Cart.js": {"path":"C:\\Users\\jnman\\Music\\tienda_tennis\\tienda_tennis\\backend\\model\\Cart.js","statementMap":{"0":{"start":{"line":1,"column":13},"end":{"line":1,"column":42}},"1":{"start":{"line":5,"column":19},"end":{"line":10,"column":16}},"2":{"start":{"line":11,"column":4},"end":{"line":11,"column":16}},"3":{"start":{"line":15,"column":19},"end":{"line":18,"column":5}},"4":{"start":{"line":19,"column":4},"end":{"line":19,"column":19}},"5":{"start":{"line":23,"column":46},"end":{"line":23,"column":54}},"6":{"start":{"line":24,"column":21},"end":{"line":27,"column":5}},"7":{"start":{"line":28,"column":4},"end":{"line":28,"column":18}},"8":{"start":{"line":32,"column":21},"end":{"line":35,"column":5}},"9":{"start":{"line":36,"column":4},"end":{"line":36,"column":18}},"10":{"start":{"line":40,"column":21},"end":{"line":43,"column":5}},"11":{"start":{"line":44,"column":4},"end":{"line":44,"column":18}},"12":{"start":{"line":48,"column":21},"end":{"line":51,"column":5}},"13":{"start":{"line":52,"column":4},"end":{"line":52,"column":18}},"14":{"start":{"line":56,"column":21},"end":{"line":59,"column":5}},"15":{"start":{"line":60,"column":4},"end":{"line":60,"column":18}},"16":{"start":{"line":64,"column":19},"end":{"line":67,"column":5}},"17":{"start":{"line":68,"column":4},"end":{"line":68,"column":25}},"18":{"start":{"line":72,"column":0},"end":{"line":72,"column":22}}},"fnMap":{"0":{"name":"(anonymous_0)","decl":{"start":{"line":4,"column":2},"end":{"line":4,"column":3}},"loc":{"start":{"line":4,"column":36},"end":{"line":12,"column":3}},"line":4},"1":{"name":"(anonymous_1)","decl":{"start":{"line":14,"column":2},"end":{"line":14,"column":3}},"loc":{"start":{"line":14,"column":55},"end":{"line":20,"column":3}},"line":14},"2":{"name":"(anonymous_2)","decl":{"start":{"line":22,"column":2},"end":{"line":22,"column":3}},"loc":{"start":{"line":22,"column":32},"end":{"line":29,"column":3}},"line":22},"3":{"name":"(anonymous_3)","decl":{"start":{"line":31,"column":2},"end":{"line":31,"column":3}},"loc":{"start":{"line":31,"column":59},"end":{"line":37,"column":3}},"line":31},"4":{"name":"(anonymous_4)","decl":{"start":{"line":39,"column":2},"end":{"line":39,"column":3}},"loc":{"start":{"line":39,"column":56},"end":{"line":45,"column":3}},"line":39},"5":{"name":"(anonymous_5)","decl":{"start":{"line":47,"column":2},"end":{"line":47,"column":3}},"loc":{"start":{"line":47,"column":38},"end":{"line":53,"column":3}},"line":47},"6":{"name":"(anonymous_6)","decl":{"start":{"line":55,"column":2},"end":{"line":55,"column":3}},"loc":{"start":{"line":55,"column":37},"end":{"line":61,"column":3}},"line":55},"7":{"name":"(anonymous_7)","decl":{"start":{"line":63,"column":2},"end":{"line":63,"column":3}},"loc":{"start":{"line":63,"column":36},"end":{"line":69,"column":3}},"line":63}},"branchMap":{},"s":{"0":4,"1":1,"2":1,"3":1,"4":1,"5":1,"6":1,"7":1,"8":1,"9":1,"10":0,"11":0,"12":1,"13":1,"14":0,"15":0,"16":1,"17":1,"18":4},"f":{"0":1,"1":1,"2":1,"3":1,"4":0,"5":1,"6":0,"7":1},"b":{},"_coverageSchema":"1a1c01bbd47fc00a2c39e90264f33305004495a9","hash":"b41ead41a27d3ce1c97b11728d1164a849e511c8"}
,"C:\\Users\\jnman\\Music\\tienda_tennis\\tienda_tennis\\backend\\model\\Order.js": {"path":"C:\\Users\\jnman\\Music\\tienda_tennis\\tienda_tennis\\backend\\model\\Order.js","statementMap":{"0":{"start":{"line":1,"column":13},"end":{"line":1,"column":42}},"1":{"start":{"line":5,"column":31},"end":{"line":5,"column":40}},"2":{"start":{"line":6,"column":21},"end":{"line":9,"column":5}},"3":{"start":{"line":10,"column":4},"end":{"line":10,"column":18}},"4":{"start":{"line":14,"column":19},"end":{"line":31,"column":16}},"5":{"start":{"line":34,"column":4},"end":{"line":58,"column":7}},"6":{"start":{"line":35,"column":18},"end":{"line":35,"column":20}},"7":{"start":{"line":36,"column":6},"end":{"line":52,"column":7}},"8":{"start":{"line":37,"column":8},"end":{"line":44,"column":9}},"9":{"start":{"line":38,"column":10},"end":{"line":38,"column":42}},"10":{"start":{"line":39,"column":15},"end":{"line":44,"column":9}},"11":{"start":{"line":40,"column":10},"end":{"line":40,"column":30}},"12":{"start":{"line":41,"column":15},"end":{"line":44,"column":9}},"13":{"start":{"line":43,"column":10},"end":{"line":43,"column":32}},"14":{"start":{"line":47,"column":8},"end":{"line":47,"column":62}},"15":{"start":{"line":47,"column":37},"end":{"line":47,"column":60}},"16":{"start":{"line":50,"column":8},"end":{"line":50,"column":72}},"17":{"start":{"line":51,"column":8},"end":{"line":51,"column":19}},"18":{"start":{"line":54,"column":6},"end":{"line":57,"column":8}},"19":{"start":{"line":62,"column":19},"end":{"line":68,"column":25}},"20":{"start":{"line":69,"column":4},"end":{"line":69,"column":16}},"21":{"start":{"line":75,"column":54},"end":{"line":75,"column":62}},"22":{"start":{"line":76,"column":21},"end":{"line":79,"column":5}},"23":{"start":{"line":80,"column":4},"end":{"line":80,"column":18}},"24":{"start":{"line":84,"column":0},"end":{"line":84,"column":38}}},"fnMap":{"0":{"name":"(anonymous_0)","decl":{"start":{"line":4,"column":2},"end":{"line":4,"column":3}},"loc":{"start":{"line":4,"column":33},"end":{"line":11,"column":3}},"line":4},"1":{"name":"(anonymous_1)","decl":{"start":{"line":13,"column":2},"end":{"line":13,"column":3}},"loc":{"start":{"line":13,"column":36},"end":{"line":59,"column":3}},"line":13},"2":{"name":"(anonymous_2)","decl":{"start":{"line":34,"column":20},"end":{"line":34,"column":21}},"loc":{"start":{"line":34,"column":29},"end":{"line":58,"column":5}},"line":34},"3":{"name":"(anonymous_3)","decl":{"start":{"line":47,"column":29},"end":{"line":47,"column":30}},"loc":{"start":{"line":47,"column":37},"end":{"line":47,"column":60}},"line":47},"4":{"name":"(anonymous_4)","decl":{"start":{"line":61,"column":2},"end":{"line":61,"column":3}},"loc":{"start":{"line":61,"column":50},"end":{"line":70,"column":3}},"line":61},"5":{"name":"(anonymous_5)","decl":{"start":{"line":74,"column":2},"end":{"line":74,"column":3}},"loc":{"start":{"line":74,"column":32},"end":{"line":81,"column":3}},"line":74}},"branchMap":{"0":{"loc":{"start":{"line":37,"column":8},"end":{"line":44,"column":9}},"type":"if","locations":[{"start":{"line":37,"column":8},"end":{"line":44,"column":9}},{"start":{"line":39,"column":15},"end":{"line":44,"column":9}}],"line":37},"1":{"loc":{"start":{"line":37,"column":12},"end":{"line":37,"column":58}},"type":"binary-expr","locations":[{"start":{"line":37,"column":12},"end":{"line":37,"column":23}},{"start":{"line":37,"column":27},"end":{"line":37,"column":58}}],"line":37},"2":{"loc":{"start":{"line":39,"column":15},"end":{"line":44,"column":9}},"type":"if","locations":[{"start":{"line":39,"column":15},"end":{"line":44,"column":9}},{"start":{"line":41,"column":15},"end":{"line":44,"column":9}}],"line":39},"3":{"loc":{"start":{"line":41,"column":15},"end":{"line":44,"column":9}},"type":"if","locations":[{"start":{"line":41,"column":15},"end":{"line":44,"column":9}},{"start":{},"end":{}}],"line":41},"4":{"loc":{"start":{"line":47,"column":37},"end":{"line":47,"column":60}},"type":"binary-expr","locations":[{"start":{"line":47,"column":37},"end":{"line":47,"column":41}},{"start":{"line":47,"column":45},"end":{"line":47,"column":60}}],"line":47}},"s":{"0":3,"1":1,"2":1,"3":1,"4":1,"5":1,"6":1,"7":1,"8":1,"9":1,"10":0,"11":0,"12":0,"13":0,"14":1,"15":1,"16":0,"17":0,"18":1,"19":1,"20":1,"21":1,"22":1,"23":1,"24":3},"f":{"0":1,"1":1,"2":1,"3":1,"4":1,"5":1},"b":{"0":[1,0],"1":[1,1],"2":[0,0],"3":[0,0],"4":[1,1]},"_coverageSchema":"1a1c01bbd47fc00a2c39e90264f33305004495a9","hash":"3982baf6ba93c442a7d237a91579ef35a3f0c5e2"}
,"C:\\Users\\jnman\\Music\\tienda_tennis\\tienda_tennis\\backend\\model\\Product.js": {"path":"C:\\Users\\jnman\\Music\\tienda_tennis\\tienda_tennis\\backend\\model\\Product.js","statementMap":{"0":{"start":{"line":1,"column":13},"end":{"line":1,"column":42}},"1":{"start":{"line":5,"column":19},"end":{"line":7,"column":5}},"2":{"start":{"line":8,"column":4},"end":{"line":8,"column":16}},"3":{"start":{"line":12,"column":19},"end":{"line":15,"column":5}},"4":{"start":{"line":16,"column":4},"end":{"line":16,"column":19}},"5":{"start":{"line":20,"column":48},"end":{"line":20,"column":59}},"6":{"start":{"line":21,"column":21},"end":{"line":24,"column":5}},"7":{"start":{"line":25,"column":4},"end":{"line":25,"column":18}},"8":{"start":{"line":29,"column":48},"end":{"line":29,"column":59}},"9":{"start":{"line":30,"column":21},"end":{"line":33,"column":5}},"10":{"start":{"line":34,"column":4},"end":{"line":34,"column":18}},"11":{"start":{"line":38,"column":21},"end":{"line":41,"column":5}},"12":{"start":{"line":42,"column":4},"end":{"line":42,"column":18}},"13":{"start":{"line":46,"column":0},"end":{"line":46,"column":25}}},"fnMap":{"0":{"name":"(anonymous_0)","decl":{"start":{"line":4,"column":2},"end":{"line":4,"column":3}},"loc":{"start":{"line":4,"column":25},"end":{"line":9,"column":3}},"line":4},"1":{"name":"(anonymous_1)","decl":{"start":{"line":11,"column":2},"end":{"line":11,"column":3}},"loc":{"start":{"line":11,"column":28},"end":{"line":17,"column":3}},"line":11},"2":{"name":"(anonymous_2)","decl":{"start":{"line":19,"column":2},"end":{"line":19,"column":3}},"loc":{"start":{"line":19,"column":35},"end":{"line":26,"column":3}},"line":19},"3":{"name":"(anonymous_3)","decl":{"start":{"line":28,"column":2},"end":{"line":28,"column":3}},"loc":{"start":{"line":28,"column":39},"end":{"line":35,"column":3}},"line":28},"4":{"name":"(anonymous_4)","decl":{"start":{"line":37,"column":2},"end":{"line":37,"column":3}},"loc":{"start":{"line":37,"column":26},"end":{"line":43,"column":3}},"line":37}},"branchMap":{},"s":{"0":3,"1":1,"2":1,"3":1,"4":1,"5":1,"6":1,"7":1,"8":1,"9":1,"10":1,"11":1,"12":1,"13":3},"f":{"0":1,"1":1,"2":1,"3":1,"4":1},"b":{},"_coverageSchema":"1a1c01bbd47fc00a2c39e90264f33305004495a9","hash":"09075d9056bf0dad0290b466129a20b2c43633af"}
,"C:\\Users\\jnman\\Music\\tienda_tennis\\tienda_tennis\\backend\\model\\User.js": {"path":"C:\\Users\\jnman\\Music\\tienda_tennis\\tienda_tennis\\backend\\model\\User.js","statementMap":{"0":{"start":{"line":1,"column":13},"end":{"line":1,"column":42}},"1":{"start":{"line":5,"column":19},"end":{"line":8,"column":5}},"2":{"start":{"line":9,"column":4},"end":{"line":9,"column":19}},"3":{"start":{"line":13,"column":19},"end":{"line":16,"column":5}},"4":{"start":{"line":17,"column":4},"end":{"line":17,"column":19}},"5":{"start":{"line":21,"column":19},"end":{"line":24,"column":5}},"6":{"start":{"line":25,"column":4},"end":{"line":25,"column":16}},"7":{"start":{"line":29,"column":42},"end":{"line":29,"column":50}},"8":{"start":{"line":30,"column":21},"end":{"line":33,"column":5}},"9":{"start":{"line":34,"column":4},"end":{"line":34,"column":18}},"10":{"start":{"line":38,"column":19},"end":{"line":41,"column":5}},"11":{"start":{"line":42,"column":4},"end":{"line":42,"column":19}},"12":{"start":{"line":46,"column":0},"end":{"line":46,"column":22}}},"fnMap":{"0":{"name":"(anonymous_0)","decl":{"start":{"line":4,"column":2},"end":{"line":4,"column":3}},"loc":{"start":{"line":4,"column":40},"end":{"line":10,"column":3}},"line":4},"1":{"name":"(anonymous_1)","decl":{"start":{"line":12,"column":2},"end":{"line":12,"column":3}},"loc":{"start":{"line":12,"column":34},"end":{"line":18,"column":3}},"line":12},"2":{"name":"(anonymous_2)","decl":{"start":{"line":20,"column":2},"end":{"line":20,"column":3}},"loc":{"start":{"line":20,"column":54},"end":{"line":26,"column":3}},"line":20},"3":{"name":"(anonymous_3)","decl":{"start":{"line":28,"column":2},"end":{"line":28,"column":3}},"loc":{"start":{"line":28,"column":32},"end":{"line":35,"column":3}},"line":28},"4":{"name":"(anonymous_4)","decl":{"start":{"line":37,"column":2},"end":{"line":37,"column":3}},"loc":{"start":{"line":37,"column":28},"end":{"line":43,"column":3}},"line":37}},"branchMap":{},"s":{"0":4,"1":1,"2":1,"3":1,"4":1,"5":0,"6":0,"7":1,"8":1,"9":1,"10":1,"11":1,"12":4},"f":{"0":1,"1":1,"2":0,"3":1,"4":1},"b":{},"_coverageSchema":"1a1c01bbd47fc00a2c39e90264f33305004495a9","hash":"b8fd563501608a6ac99de8f4e584d784cef644f4"}
,"C:\\Users\\jnman\\Music\\tienda_tennis\\tienda_tennis\\backend\\routes\\auth.js": {"path":"C:\\Users\\jnman\\Music\\tienda_tennis\\tienda_tennis\\backend\\routes\\auth.js","statementMap":{"0":{"start":{"line":1,"column":16},"end":{"line":1,"column":34}},"1":{"start":{"line":2,"column":15},"end":{"line":2,"column":31}},"2":{"start":{"line":3,"column":23},"end":{"line":3,"column":62}},"3":{"start":{"line":4,"column":23},"end":{"line":4,"column":52}},"4":{"start":{"line":7,"column":0},"end":{"line":7,"column":50}},"5":{"start":{"line":10,"column":0},"end":{"line":10,"column":44}},"6":{"start":{"line":13,"column":0},"end":{"line":13,"column":66}},"7":{"start":{"line":16,"column":0},"end":{"line":16,"column":70}},"8":{"start":{"line":18,"column":0},"end":{"line":18,"column":24}}},"fnMap":{},"branchMap":{},"s":{"0":1,"1":1,"2":1,"3":1,"4":1,"5":1,"6":1,"7":1,"8":1},"f":{},"b":{},"_coverageSchema":"1a1c01bbd47fc00a2c39e90264f33305004495a9","hash":"7530ef416322987e5fd6023da4616350ea3d71b2"}
,"C:\\Users\\jnman\\Music\\tienda_tennis\\tienda_tennis\\backend\\routes\\cart.js": {"path":"C:\\Users\\jnman\\Music\\tienda_tennis\\tienda_tennis\\backend\\routes\\cart.js","statementMap":{"0":{"start":{"line":1,"column":16},"end":{"line":1,"column":34}},"1":{"start":{"line":2,"column":15},"end":{"line":2,"column":31}},"2":{"start":{"line":3,"column":23},"end":{"line":3,"column":62}},"3":{"start":{"line":4,"column":23},"end":{"line":4,"column":52}},"4":{"start":{"line":7,"column":0},"end":{"line":7,"column":56}},"5":{"start":{"line":10,"column":0},"end":{"line":10,"column":66}},"6":{"start":{"line":13,"column":0},"end":{"line":13,"column":62}},"7":{"start":{"line":16,"column":0},"end":{"line":16,"column":66}},"8":{"start":{"line":19,"column":0},"end":{"line":19,"column":69}},"9":{"start":{"line":22,"column":0},"end":{"line":22,"column":61}},"10":{"start":{"line":24,"column":0},"end":{"line":24,"column":24}}},"fnMap":{},"branchMap":{},"s":{"0":1,"1":1,"2":1,"3":1,"4":1,"5":1,"6":1,"7":1,"8":1,"9":1,"10":1},"f":{},"b":{},"_coverageSchema":"1a1c01bbd47fc00a2c39e90264f33305004495a9","hash":"5cc8909860bf704d5e8cd0e857fc2f725feace64"}
,"C:\\Users\\jnman\\Music\\tienda_tennis\\tienda_tennis\\backend\\routes\\orders.js": {"path":"C:\\Users\\jnman\\Music\\tienda_tennis\\tienda_tennis\\backend\\routes\\orders.js","statementMap":{"0":{"start":{"line":1,"column":16},"end":{"line":1,"column":34}},"1":{"start":{"line":2,"column":15},"end":{"line":2,"column":31}},"2":{"start":{"line":3,"column":24},"end":{"line":3,"column":64}},"3":{"start":{"line":4,"column":23},"end":{"line":4,"column":52}},"4":{"start":{"line":7,"column":0},"end":{"line":7,"column":62}},"5":{"start":{"line":10,"column":0},"end":{"line":10,"column":63}},"6":{"start":{"line":13,"column":0},"end":{"line":13,"column":65}},"7":{"start":{"line":15,"column":0},"end":{"line":15,"column":24}}},"fnMap":{},"branchMap":{},"s":{"0":1,"1":1,"2":1,"3":1,"4":1,"5":1,"6":1,"7":1},"f":{},"b":{},"_coverageSchema":"1a1c01bbd47fc00a2c39e90264f33305004495a9","hash":"ac022fe5076c862c4f1b99370027ef4b14c0f4c1"}
,"C:\\Users\\jnman\\Music\\tienda_tennis\\tienda_tennis\\backend\\routes\\products.js": {"path":"C:\\Users\\jnman\\Music\\tienda_tennis\\tienda_tennis\\backend\\routes\\products.js","statementMap":{"0":{"start":{"line":1,"column":16},"end":{"line":1,"column":34}},"1":{"start":{"line":2,"column":15},"end":{"line":2,"column":31}},"2":{"start":{"line":3,"column":26},"end":{"line":3,"column":68}},"3":{"start":{"line":4,"column":24},"end":{"line":4,"column":58}},"4":{"start":{"line":5,"column":15},"end":{"line":5,"column":42}},"5":{"start":{"line":8,"column":0},"end":{"line":8,"column":50}},"6":{"start":{"line":11,"column":0},"end":{"line":11,"column":53}},"7":{"start":{"line":14,"column":0},"end":{"line":14,"column":91}},"8":{"start":{"line":17,"column":0},"end":{"line":17,"column":93}},"9":{"start":{"line":20,"column":0},"end":{"line":20,"column":72}},"10":{"start":{"line":22,"column":0},"end":{"line":22,"column":24}}},"fnMap":{},"branchMap":{},"s":{"0":1,"1":1,"2":1,"3":1,"4":1,"5":1,"6":1,"7":1,"8":1,"9":1,"10":1},"f":{},"b":{},"_coverageSchema":"1a1c01bbd47fc00a2c39e90264f33305004495a9","hash":"c8e4829fbd99c8fd781618112c82b8ff219fc5a4"}
}
