TN:
SF:controller\AuthController.js
FN:6,(anonymous_0)
FN:30,(anonymous_1)
FN:68,(anonymous_2)
FN:81,(anonymous_3)
FNF:4
FNH:4
FNDA:5,(anonymous_0)
FNDA:5,(anonymous_1)
FNDA:3,(anonymous_2)
FNDA:4,(anonymous_3)
DA:1,2
DA:2,2
DA:3,2
DA:7,5
DA:8,5
DA:11,5
DA:13,4
DA:14,2
DA:18,2
DA:21,2
DA:23,2
DA:25,1
DA:26,1
DA:31,5
DA:32,5
DA:35,5
DA:37,5
DA:38,2
DA:42,3
DA:43,3
DA:44,1
DA:48,2
DA:54,2
DA:63,0
DA:64,0
DA:69,3
DA:70,3
DA:71,2
DA:72,1
DA:74,1
DA:76,1
DA:77,1
DA:82,4
DA:83,4
DA:84,3
DA:85,1
DA:88,2
DA:89,2
DA:98,1
DA:99,1
DA:104,2
LF:41
LH:39
BRDA:13,0,0,2
BRDA:13,0,1,2
BRDA:37,1,0,2
BRDA:37,1,1,3
BRDA:43,2,0,1
BRDA:43,2,1,2
BRDA:50,3,0,2
BRDA:50,3,1,2
BRDA:71,4,0,1
BRDA:71,4,1,1
BRDA:84,5,0,1
BRDA:84,5,1,2
BRF:12
BRH:12
end_of_record
TN:
SF:controller\CartController.js
FN:4,(anonymous_0)
FN:14,(anonymous_1)
FN:40,(anonymous_2)
FN:53,(anonymous_3)
FN:63,(anonymous_4)
FN:73,(anonymous_5)
FNF:6
FNH:6
FNDA:2,(anonymous_0)
FNDA:3,(anonymous_1)
FNDA:2,(anonymous_2)
FNDA:2,(anonymous_3)
FNDA:2,(anonymous_4)
FNDA:2,(anonymous_5)
DA:1,2
DA:5,2
DA:6,2
DA:7,1
DA:9,1
DA:10,1
DA:15,3
DA:16,3
DA:19,3
DA:21,2
DA:23,1
DA:26,1
DA:33,2
DA:35,1
DA:36,1
DA:41,2
DA:42,2
DA:44,2
DA:46,1
DA:48,1
DA:49,1
DA:54,2
DA:55,2
DA:56,1
DA:58,1
DA:59,1
DA:64,2
DA:65,2
DA:66,1
DA:68,1
DA:69,1
DA:74,2
DA:75,2
DA:76,1
DA:78,1
DA:79,1
DA:84,2
LF:37
LH:37
BRDA:16,0,0,0
BRDA:21,1,0,1
BRDA:21,1,1,1
BRF:3
BRH:2
end_of_record
TN:
SF:controller\OrderController.js
FN:6,(anonymous_0)
FN:21,(anonymous_1)
FN:61,(anonymous_2)
FN:71,(anonymous_3)
FNF:4
FNH:4
FNDA:3,(anonymous_0)
FNDA:2,(anonymous_1)
FNDA:2,(anonymous_2)
FNDA:3,(anonymous_3)
DA:1,2
DA:2,2
DA:3,2
DA:7,3
DA:9,3
DA:10,3
DA:13,3
DA:15,2
DA:16,1
DA:17,1
DA:21,2
DA:24,1
DA:29,1
DA:32,1
DA:33,2
DA:42,1
DA:44,1
DA:46,1
DA:53,1
DA:54,1
DA:55,1
DA:57,3
DA:62,2
DA:63,2
DA:64,1
DA:66,1
DA:67,1
DA:72,3
DA:73,3
DA:75,2
DA:76,1
DA:79,1
DA:81,1
DA:82,1
DA:87,2
LF:35
LH:35
BRDA:15,0,0,1
BRDA:15,0,1,1
BRDA:75,1,0,1
BRDA:75,1,1,1
BRF:4
BRH:4
end_of_record
TN:
SF:controller\ProductController.js
FN:5,(anonymous_0)
FN:15,(anonymous_1)
FN:28,(anonymous_2)
FN:56,(anonymous_3)
FN:92,(anonymous_4)
FNF:5
FNH:5
FNDA:2,(anonymous_0)
FNDA:3,(anonymous_1)
FNDA:3,(anonymous_2)
FNDA:3,(anonymous_3)
FNDA:3,(anonymous_4)
DA:1,2
DA:2,2
DA:6,2
DA:7,2
DA:8,1
DA:10,1
DA:11,1
DA:16,3
DA:17,3
DA:18,2
DA:19,1
DA:21,1
DA:23,1
DA:24,1
DA:29,3
DA:30,3
DA:33,3
DA:34,3
DA:35,1
DA:38,3
DA:45,2
DA:51,1
DA:52,1
DA:57,3
DA:58,3
DA:59,3
DA:62,3
DA:63,2
DA:64,1
DA:68,1
DA:76,1
DA:77,0
DA:80,1
DA:82,1
DA:87,1
DA:88,1
DA:93,3
DA:94,3
DA:97,3
DA:98,2
DA:99,1
DA:102,1
DA:104,1
DA:106,1
DA:107,1
DA:112,2
LF:46
LH:45
BRDA:18,0,0,1
BRDA:18,0,1,1
BRDA:34,1,0,1
BRDA:34,1,1,2
BRDA:63,2,0,1
BRDA:63,2,1,1
BRDA:76,3,0,0
BRDA:76,3,1,1
BRDA:84,4,0,1
BRDA:84,4,1,0
BRDA:98,5,0,1
BRDA:98,5,1,1
BRF:12
BRH:10
end_of_record
TN:
SF:middleware\adminAuth.js
FN:4,(anonymous_0)
FNF:1
FNH:1
FNDA:5,(anonymous_0)
DA:1,2
DA:2,2
DA:4,2
DA:5,5
DA:7,5
DA:8,1
DA:11,4
DA:12,4
DA:13,3
DA:15,3
DA:16,1
DA:19,2
DA:20,1
DA:23,1
DA:24,1
DA:25,1
DA:27,1
DA:31,2
LF:18
LH:18
BRDA:7,0,0,1
BRDA:7,0,1,4
BRDA:12,1,0,4
BRDA:12,1,1,4
BRDA:15,2,0,1
BRDA:15,2,1,2
BRDA:19,3,0,1
BRDA:19,3,1,1
BRF:8
BRH:8
end_of_record
TN:
SF:middleware\auth.js
FN:3,(anonymous_0)
FNF:1
FNH:1
FNDA:3,(anonymous_0)
DA:1,2
DA:3,2
DA:4,3
DA:6,3
DA:7,1
DA:10,2
DA:11,2
DA:12,1
DA:13,1
DA:15,1
DA:19,2
LF:11
LH:11
BRDA:6,0,0,1
BRDA:6,0,1,2
BRDA:11,1,0,2
BRDA:11,1,1,2
BRF:4
BRH:4
end_of_record
TN:
SF:model\Cart.js
FN:4,(anonymous_0)
FN:14,(anonymous_1)
FN:22,(anonymous_2)
FN:31,(anonymous_3)
FN:39,(anonymous_4)
FN:47,(anonymous_5)
FN:55,(anonymous_6)
FN:63,(anonymous_7)
FNF:8
FNH:8
FNDA:1,(anonymous_0)
FNDA:1,(anonymous_1)
FNDA:1,(anonymous_2)
FNDA:1,(anonymous_3)
FNDA:1,(anonymous_4)
FNDA:1,(anonymous_5)
FNDA:1,(anonymous_6)
FNDA:1,(anonymous_7)
DA:1,4
DA:5,1
DA:11,1
DA:15,1
DA:19,1
DA:23,1
DA:24,1
DA:28,1
DA:32,1
DA:36,1
DA:40,1
DA:44,1
DA:48,1
DA:52,1
DA:56,1
DA:60,1
DA:64,1
DA:68,1
DA:72,4
LF:19
LH:19
BRF:0
BRH:0
end_of_record
TN:
SF:model\Order.js
FN:4,(anonymous_0)
FN:13,(anonymous_1)
FN:34,(anonymous_2)
FN:47,(anonymous_3)
FN:61,(anonymous_4)
FN:74,(anonymous_5)
FNF:6
FNH:6
FNDA:1,(anonymous_0)
FNDA:5,(anonymous_1)
FNDA:5,(anonymous_2)
FNDA:6,(anonymous_3)
FNDA:1,(anonymous_4)
FNDA:1,(anonymous_5)
DA:1,3
DA:5,1
DA:6,1
DA:10,1
DA:14,5
DA:34,5
DA:35,5
DA:36,5
DA:37,5
DA:38,2
DA:39,3
DA:40,2
DA:41,1
DA:43,1
DA:47,6
DA:50,1
DA:51,1
DA:54,5
DA:62,1
DA:69,1
DA:75,1
DA:76,1
DA:80,1
DA:84,3
LF:24
LH:24
BRDA:37,0,0,2
BRDA:37,0,1,3
BRDA:37,1,0,5
BRDA:37,1,1,5
BRDA:39,2,0,2
BRDA:39,2,1,1
BRDA:41,3,0,1
BRDA:41,3,1,0
BRDA:47,4,0,6
BRDA:47,4,1,5
BRF:10
BRH:9
end_of_record
TN:
SF:model\Product.js
FN:4,(anonymous_0)
FN:11,(anonymous_1)
FN:19,(anonymous_2)
FN:28,(anonymous_3)
FN:37,(anonymous_4)
FNF:5
FNH:5
FNDA:1,(anonymous_0)
FNDA:1,(anonymous_1)
FNDA:1,(anonymous_2)
FNDA:1,(anonymous_3)
FNDA:1,(anonymous_4)
DA:1,3
DA:5,1
DA:8,1
DA:12,1
DA:16,1
DA:20,1
DA:21,1
DA:25,1
DA:29,1
DA:30,1
DA:34,1
DA:38,1
DA:42,1
DA:46,3
LF:14
LH:14
BRF:0
BRH:0
end_of_record
TN:
SF:model\User.js
FN:4,(anonymous_0)
FN:12,(anonymous_1)
FN:20,(anonymous_2)
FN:28,(anonymous_3)
FN:37,(anonymous_4)
FNF:5
FNH:5
FNDA:1,(anonymous_0)
FNDA:1,(anonymous_1)
FNDA:1,(anonymous_2)
FNDA:1,(anonymous_3)
FNDA:1,(anonymous_4)
DA:1,4
DA:5,1
DA:9,1
DA:13,1
DA:17,1
DA:21,1
DA:25,1
DA:29,1
DA:30,1
DA:34,1
DA:38,1
DA:42,1
DA:46,4
LF:13
LH:13
BRF:0
BRH:0
end_of_record
TN:
SF:routes\auth.js
FNF:0
FNH:0
DA:1,1
DA:2,1
DA:3,1
DA:4,1
DA:7,1
DA:10,1
DA:13,1
DA:16,1
DA:18,1
LF:9
LH:9
BRF:0
BRH:0
end_of_record
TN:
SF:routes\cart.js
FNF:0
FNH:0
DA:1,1
DA:2,1
DA:3,1
DA:4,1
DA:7,1
DA:10,1
DA:13,1
DA:16,1
DA:19,1
DA:22,1
DA:24,1
LF:11
LH:11
BRF:0
BRH:0
end_of_record
TN:
SF:routes\orders.js
FNF:0
FNH:0
DA:1,1
DA:2,1
DA:3,1
DA:4,1
DA:7,1
DA:10,1
DA:13,1
DA:15,1
LF:8
LH:8
BRF:0
BRH:0
end_of_record
TN:
SF:routes\products.js
FNF:0
FNH:0
DA:1,1
DA:2,1
DA:3,1
DA:4,1
DA:5,1
DA:8,1
DA:11,1
DA:14,1
DA:17,1
DA:20,1
DA:22,1
LF:11
LH:11
BRF:0
BRH:0
end_of_record
